{"C:\\Users\\smore\\OneDrive\\Apps\\Dishorde-CDRZ\\Dishorde\\lib\\analyticsUtils.js": {"path":"C:\\Users\\smore\\OneDrive\\Apps\\Dishorde-CDRZ\\Dishorde\\lib\\analyticsUtils.js","statementMap":{"0":{"start":{"line":2,"column":2},"end":{"line":2,"column":97}},"1":{"start":{"line":2,"column":61},"end":{"line":2,"column":97}},"2":{"start":{"line":3,"column":17},"end":{"line":3,"column":45}},"3":{"start":{"line":3,"column":37},"end":{"line":3,"column":44}},"4":{"start":{"line":4,"column":14},"end":{"line":4,"column":87}},"5":{"start":{"line":4,"column":50},"end":{"line":4,"column":55}},"6":{"start":{"line":5,"column":16},"end":{"line":5,"column":65}},"7":{"start":{"line":6,"column":2},"end":{"line":6,"column":50}},"8":{"start":{"line":10,"column":2},"end":{"line":10,"column":80}},"9":{"start":{"line":10,"column":53},"end":{"line":10,"column":80}},"10":{"start":{"line":11,"column":17},"end":{"line":11,"column":42}},"11":{"start":{"line":11,"column":34},"end":{"line":11,"column":41}},"12":{"start":{"line":12,"column":14},"end":{"line":12,"column":63}},"13":{"start":{"line":12,"column":38},"end":{"line":12,"column":43}},"14":{"start":{"line":13,"column":19},"end":{"line":13,"column":91}},"15":{"start":{"line":13,"column":45},"end":{"line":13,"column":71}},"16":{"start":{"line":14,"column":17},"end":{"line":14,"column":36}},"17":{"start":{"line":15,"column":16},"end":{"line":15,"column":43}},"18":{"start":{"line":16,"column":2},"end":{"line":16,"column":43}},"19":{"start":{"line":16,"column":18},"end":{"line":16,"column":43}},"20":{"start":{"line":17,"column":2},"end":{"line":17,"column":49}},"21":{"start":{"line":17,"column":18},"end":{"line":17,"column":49}},"22":{"start":{"line":18,"column":2},"end":{"line":18,"column":36}},"23":{"start":{"line":18,"column":18},"end":{"line":18,"column":36}},"24":{"start":{"line":19,"column":2},"end":{"line":19,"column":27}},"25":{"start":{"line":22,"column":0},"end":{"line":22,"column":66}}},"fnMap":{"0":{"name":"calculateActivityLevel","decl":{"start":{"line":1,"column":9},"end":{"line":1,"column":31}},"loc":{"start":{"line":1,"column":44},"end":{"line":7,"column":1}},"line":1},"1":{"name":"(anonymous_1)","decl":{"start":{"line":3,"column":32},"end":{"line":3,"column":33}},"loc":{"start":{"line":3,"column":37},"end":{"line":3,"column":44}},"line":3},"2":{"name":"(anonymous_2)","decl":{"start":{"line":4,"column":40},"end":{"line":4,"column":41}},"loc":{"start":{"line":4,"column":50},"end":{"line":4,"column":55}},"line":4},"3":{"name":"calculateConsistency","decl":{"start":{"line":9,"column":9},"end":{"line":9,"column":29}},"loc":{"start":{"line":9,"column":39},"end":{"line":20,"column":1}},"line":9},"4":{"name":"(anonymous_4)","decl":{"start":{"line":11,"column":29},"end":{"line":11,"column":30}},"loc":{"start":{"line":11,"column":34},"end":{"line":11,"column":41}},"line":11},"5":{"name":"(anonymous_5)","decl":{"start":{"line":12,"column":28},"end":{"line":12,"column":29}},"loc":{"start":{"line":12,"column":38},"end":{"line":12,"column":43}},"line":12},"6":{"name":"(anonymous_6)","decl":{"start":{"line":13,"column":33},"end":{"line":13,"column":34}},"loc":{"start":{"line":13,"column":45},"end":{"line":13,"column":71}},"line":13}},"branchMap":{"0":{"loc":{"start":{"line":2,"column":2},"end":{"line":2,"column":97}},"type":"if","locations":[{"start":{"line":2,"column":2},"end":{"line":2,"column":97}},{"start":{},"end":{}}],"line":2},"1":{"loc":{"start":{"line":2,"column":6},"end":{"line":2,"column":59}},"type":"binary-expr","locations":[{"start":{"line":2,"column":6},"end":{"line":2,"column":32}},{"start":{"line":2,"column":36},"end":{"line":2,"column":59}}],"line":2},"2":{"loc":{"start":{"line":5,"column":16},"end":{"line":5,"column":65}},"type":"cond-expr","locations":[{"start":{"line":5,"column":27},"end":{"line":5,"column":33}},{"start":{"line":5,"column":36},"end":{"line":5,"column":65}}],"line":5},"3":{"loc":{"start":{"line":5,"column":36},"end":{"line":5,"column":65}},"type":"cond-expr","locations":[{"start":{"line":5,"column":47},"end":{"line":5,"column":57}},{"start":{"line":5,"column":60},"end":{"line":5,"column":65}}],"line":5},"4":{"loc":{"start":{"line":10,"column":2},"end":{"line":10,"column":80}},"type":"if","locations":[{"start":{"line":10,"column":2},"end":{"line":10,"column":80}},{"start":{},"end":{}}],"line":10},"5":{"loc":{"start":{"line":10,"column":6},"end":{"line":10,"column":51}},"type":"binary-expr","locations":[{"start":{"line":10,"column":6},"end":{"line":10,"column":29}},{"start":{"line":10,"column":33},"end":{"line":10,"column":51}}],"line":10},"6":{"loc":{"start":{"line":15,"column":27},"end":{"line":15,"column":35}},"type":"binary-expr","locations":[{"start":{"line":15,"column":27},"end":{"line":15,"column":30}},{"start":{"line":15,"column":34},"end":{"line":15,"column":35}}],"line":15},"7":{"loc":{"start":{"line":16,"column":2},"end":{"line":16,"column":43}},"type":"if","locations":[{"start":{"line":16,"column":2},"end":{"line":16,"column":43}},{"start":{},"end":{}}],"line":16},"8":{"loc":{"start":{"line":17,"column":2},"end":{"line":17,"column":49}},"type":"if","locations":[{"start":{"line":17,"column":2},"end":{"line":17,"column":49}},{"start":{},"end":{}}],"line":17},"9":{"loc":{"start":{"line":18,"column":2},"end":{"line":18,"column":36}},"type":"if","locations":[{"start":{"line":18,"column":2},"end":{"line":18,"column":36}},{"start":{},"end":{}}],"line":18}},"s":{"0":4,"1":0,"2":4,"3":63,"4":4,"5":63,"6":4,"7":4,"8":4,"9":0,"10":4,"11":53,"12":4,"13":53,"14":4,"15":53,"16":4,"17":4,"18":4,"19":1,"20":3,"21":2,"22":1,"23":0,"24":1,"25":3},"f":{"0":4,"1":63,"2":63,"3":4,"4":53,"5":53,"6":53},"b":{"0":[0,4],"1":[4,4],"2":[1,3],"3":[3,0],"4":[0,4],"5":[4,4],"6":[4,0],"7":[1,3],"8":[2,1],"9":[0,1]},"_coverageSchema":"1a1c01bbd47fc00a2c39e90264f33305004495a9","hash":"cdcfa6cf13beee0d7f3887b76bf1e465292c96e9"}
,"C:\\Users\\smore\\OneDrive\\Apps\\Dishorde-CDRZ\\Dishorde\\lib\\bloodmoon.js": {"path":"C:\\Users\\smore\\OneDrive\\Apps\\Dishorde-CDRZ\\Dishorde\\lib\\bloodmoon.js","statementMap":{"0":{"start":{"line":6,"column":2},"end":{"line":6,"column":53}},"1":{"start":{"line":6,"column":41},"end":{"line":6,"column":53}},"2":{"start":{"line":7,"column":12},"end":{"line":7,"column":52}},"3":{"start":{"line":8,"column":2},"end":{"line":8,"column":22}},"4":{"start":{"line":8,"column":10},"end":{"line":8,"column":22}},"5":{"start":{"line":9,"column":2},"end":{"line":9,"column":79}},"6":{"start":{"line":13,"column":2},"end":{"line":13,"column":38}},"7":{"start":{"line":13,"column":13},"end":{"line":13,"column":38}},"8":{"start":{"line":14,"column":24},"end":{"line":14,"column":44}},"9":{"start":{"line":15,"column":22},"end":{"line":15,"column":54}},"10":{"start":{"line":16,"column":22},"end":{"line":16,"column":104}},"11":{"start":{"line":17,"column":19},"end":{"line":17,"column":46}},"12":{"start":{"line":18,"column":2},"end":{"line":18,"column":43}},"13":{"start":{"line":18,"column":16},"end":{"line":18,"column":43}},"14":{"start":{"line":19,"column":2},"end":{"line":19,"column":76}},"15":{"start":{"line":19,"column":47},"end":{"line":19,"column":76}},"16":{"start":{"line":20,"column":2},"end":{"line":20,"column":27}},"17":{"start":{"line":24,"column":15},"end":{"line":26,"column":3}},"18":{"start":{"line":27,"column":2},"end":{"line":34,"column":3}},"19":{"start":{"line":28,"column":4},"end":{"line":33,"column":6}},"20":{"start":{"line":35,"column":2},"end":{"line":42,"column":3}},"21":{"start":{"line":36,"column":4},"end":{"line":41,"column":6}},"22":{"start":{"line":43,"column":2},"end":{"line":50,"column":3}},"23":{"start":{"line":44,"column":4},"end":{"line":49,"column":6}},"24":{"start":{"line":51,"column":2},"end":{"line":51,"column":14}},"25":{"start":{"line":54,"column":0},"end":{"line":165,"column":2}},"26":{"start":{"line":55,"column":17},"end":{"line":55,"column":28}},"27":{"start":{"line":56,"column":21},"end":{"line":56,"column":36}},"28":{"start":{"line":57,"column":17},"end":{"line":57,"column":34}},"29":{"start":{"line":58,"column":14},"end":{"line":58,"column":18}},"30":{"start":{"line":59,"column":18},"end":{"line":59,"column":24}},"31":{"start":{"line":60,"column":21},"end":{"line":60,"column":25}},"32":{"start":{"line":61,"column":27},"end":{"line":61,"column":32}},"33":{"start":{"line":62,"column":25},"end":{"line":62,"column":30}},"34":{"start":{"line":63,"column":24},"end":{"line":63,"column":29}},"35":{"start":{"line":66,"column":4},"end":{"line":73,"column":32}},"36":{"start":{"line":67,"column":6},"end":{"line":67,"column":24}},"37":{"start":{"line":67,"column":17},"end":{"line":67,"column":24}},"38":{"start":{"line":69,"column":20},"end":{"line":69,"column":130}},"39":{"start":{"line":70,"column":2},"end":{"line":70,"column":25}},"40":{"start":{"line":70,"column":18},"end":{"line":70,"column":25}},"41":{"start":{"line":71,"column":22},"end":{"line":71,"column":52}},"42":{"start":{"line":72,"column":2},"end":{"line":72,"column":97}},"43":{"start":{"line":77,"column":19},"end":{"line":77,"column":41}},"44":{"start":{"line":78,"column":21},"end":{"line":78,"column":79}},"45":{"start":{"line":79,"column":20},"end":{"line":79,"column":43}},"46":{"start":{"line":80,"column":22},"end":{"line":80,"column":86}},"47":{"start":{"line":81,"column":26},"end":{"line":81,"column":57}},"48":{"start":{"line":82,"column":4},"end":{"line":82,"column":25}},"49":{"start":{"line":82,"column":18},"end":{"line":82,"column":25}},"50":{"start":{"line":84,"column":4},"end":{"line":143,"column":5}},"51":{"start":{"line":85,"column":6},"end":{"line":137,"column":9}},"52":{"start":{"line":86,"column":8},"end":{"line":86,"column":82}},"53":{"start":{"line":86,"column":75},"end":{"line":86,"column":82}},"54":{"start":{"line":88,"column":21},"end":{"line":88,"column":90}},"55":{"start":{"line":88,"column":56},"end":{"line":88,"column":75}},"56":{"start":{"line":89,"column":21},"end":{"line":89,"column":36}},"57":{"start":{"line":90,"column":26},"end":{"line":90,"column":56}},"58":{"start":{"line":92,"column":19},"end":{"line":92,"column":45}},"59":{"start":{"line":93,"column":8},"end":{"line":93,"column":24}},"60":{"start":{"line":93,"column":17},"end":{"line":93,"column":24}},"61":{"start":{"line":96,"column":8},"end":{"line":109,"column":9}},"62":{"start":{"line":97,"column":27},"end":{"line":101,"column":14}},"63":{"start":{"line":98,"column":34},"end":{"line":98,"column":54}},"64":{"start":{"line":99,"column":12},"end":{"line":99,"column":53}},"65":{"start":{"line":99,"column":37},"end":{"line":99,"column":53}},"66":{"start":{"line":100,"column":12},"end":{"line":100,"column":58}},"67":{"start":{"line":102,"column":10},"end":{"line":108,"column":11}},"68":{"start":{"line":104,"column":12},"end":{"line":104,"column":36}},"69":{"start":{"line":105,"column":12},"end":{"line":105,"column":39}},"70":{"start":{"line":106,"column":12},"end":{"line":106,"column":37}},"71":{"start":{"line":107,"column":12},"end":{"line":107,"column":36}},"72":{"start":{"line":111,"column":8},"end":{"line":118,"column":9}},"73":{"start":{"line":112,"column":24},"end":{"line":112,"column":52}},"74":{"start":{"line":113,"column":10},"end":{"line":113,"column":55}},"75":{"start":{"line":114,"column":10},"end":{"line":116,"column":11}},"76":{"start":{"line":115,"column":12},"end":{"line":115,"column":81}},"77":{"start":{"line":117,"column":10},"end":{"line":117,"column":36}},"78":{"start":{"line":119,"column":8},"end":{"line":126,"column":9}},"79":{"start":{"line":120,"column":24},"end":{"line":120,"column":50}},"80":{"start":{"line":121,"column":10},"end":{"line":121,"column":55}},"81":{"start":{"line":122,"column":10},"end":{"line":124,"column":11}},"82":{"start":{"line":123,"column":12},"end":{"line":123,"column":77}},"83":{"start":{"line":125,"column":10},"end":{"line":125,"column":34}},"84":{"start":{"line":127,"column":8},"end":{"line":134,"column":9}},"85":{"start":{"line":128,"column":24},"end":{"line":128,"column":49}},"86":{"start":{"line":129,"column":10},"end":{"line":129,"column":55}},"87":{"start":{"line":130,"column":10},"end":{"line":132,"column":11}},"88":{"start":{"line":131,"column":12},"end":{"line":131,"column":72}},"89":{"start":{"line":133,"column":10},"end":{"line":133,"column":33}},"90":{"start":{"line":136,"column":8},"end":{"line":136,"column":26}},"91":{"start":{"line":142,"column":6},"end":{"line":142,"column":43}},"92":{"start":{"line":146,"column":2},"end":{"line":164,"column":4}},"93":{"start":{"line":148,"column":6},"end":{"line":148,"column":24}},"94":{"start":{"line":148,"column":17},"end":{"line":148,"column":24}},"95":{"start":{"line":149,"column":21},"end":{"line":149,"column":43}},"96":{"start":{"line":150,"column":25},"end":{"line":150,"column":83}},"97":{"start":{"line":151,"column":6},"end":{"line":151,"column":43}},"98":{"start":{"line":154,"column":6},"end":{"line":154,"column":37}},"99":{"start":{"line":154,"column":17},"end":{"line":154,"column":37}},"100":{"start":{"line":155,"column":6},"end":{"line":155,"column":19}},"101":{"start":{"line":156,"column":6},"end":{"line":156,"column":25}},"102":{"start":{"line":157,"column":2},"end":{"line":157,"column":29}},"103":{"start":{"line":158,"column":2},"end":{"line":158,"column":27}},"104":{"start":{"line":159,"column":2},"end":{"line":159,"column":26}},"105":{"start":{"line":162,"column":6},"end":{"line":162,"column":42}}},"fnMap":{"0":{"name":"parseTime","decl":{"start":{"line":4,"column":9},"end":{"line":4,"column":18}},"loc":{"start":{"line":4,"column":25},"end":{"line":10,"column":1}},"line":4},"1":{"name":"getHordeState","decl":{"start":{"line":12,"column":9},"end":{"line":12,"column":22}},"loc":{"start":{"line":12,"column":40},"end":{"line":21,"column":1}},"line":12},"2":{"name":"buildEmbed","decl":{"start":{"line":23,"column":9},"end":{"line":23,"column":19}},"loc":{"start":{"line":23,"column":32},"end":{"line":52,"column":1}},"line":23},"3":{"name":"createBloodMoonMonitor","decl":{"start":{"line":54,"column":26},"end":{"line":54,"column":48}},"loc":{"start":{"line":54,"column":55},"end":{"line":165,"column":1}},"line":54},"4":{"name":"sayInGame","decl":{"start":{"line":65,"column":11},"end":{"line":65,"column":20}},"loc":{"start":{"line":65,"column":27},"end":{"line":74,"column":3}},"line":65},"5":{"name":"(anonymous_5)","decl":{"start":{"line":72,"column":53},"end":{"line":72,"column":54}},"loc":{"start":{"line":72,"column":62},"end":{"line":72,"column":95}},"line":72},"6":{"name":"poll","decl":{"start":{"line":76,"column":11},"end":{"line":76,"column":15}},"loc":{"start":{"line":76,"column":18},"end":{"line":144,"column":3}},"line":76},"7":{"name":"(anonymous_7)","decl":{"start":{"line":85,"column":48},"end":{"line":85,"column":49}},"loc":{"start":{"line":85,"column":67},"end":{"line":137,"column":7}},"line":85},"8":{"name":"(anonymous_8)","decl":{"start":{"line":88,"column":51},"end":{"line":88,"column":52}},"loc":{"start":{"line":88,"column":56},"end":{"line":88,"column":75}},"line":88},"9":{"name":"(anonymous_9)","decl":{"start":{"line":97,"column":28},"end":{"line":97,"column":29}},"loc":{"start":{"line":97,"column":34},"end":{"line":101,"column":11}},"line":97},"10":{"name":"(anonymous_10)","decl":{"start":{"line":113,"column":45},"end":{"line":113,"column":46}},"loc":{"start":{"line":113,"column":51},"end":{"line":113,"column":53}},"line":113},"11":{"name":"(anonymous_11)","decl":{"start":{"line":121,"column":45},"end":{"line":121,"column":46}},"loc":{"start":{"line":121,"column":51},"end":{"line":121,"column":53}},"line":121},"12":{"name":"(anonymous_12)","decl":{"start":{"line":129,"column":45},"end":{"line":129,"column":46}},"loc":{"start":{"line":129,"column":51},"end":{"line":129,"column":53}},"line":129},"13":{"name":"(anonymous_13)","decl":{"start":{"line":147,"column":4},"end":{"line":147,"column":5}},"loc":{"start":{"line":147,"column":12},"end":{"line":152,"column":5}},"line":147},"14":{"name":"(anonymous_14)","decl":{"start":{"line":153,"column":4},"end":{"line":153,"column":5}},"loc":{"start":{"line":153,"column":11},"end":{"line":160,"column":5}},"line":153},"15":{"name":"(anonymous_15)","decl":{"start":{"line":161,"column":4},"end":{"line":161,"column":5}},"loc":{"start":{"line":161,"column":30},"end":{"line":163,"column":5}},"line":161}},"branchMap":{"0":{"loc":{"start":{"line":6,"column":2},"end":{"line":6,"column":53}},"type":"if","locations":[{"start":{"line":6,"column":2},"end":{"line":6,"column":53}},{"start":{},"end":{}}],"line":6},"1":{"loc":{"start":{"line":6,"column":6},"end":{"line":6,"column":39}},"type":"binary-expr","locations":[{"start":{"line":6,"column":6},"end":{"line":6,"column":11}},{"start":{"line":6,"column":15},"end":{"line":6,"column":39}}],"line":6},"2":{"loc":{"start":{"line":8,"column":2},"end":{"line":8,"column":22}},"type":"if","locations":[{"start":{"line":8,"column":2},"end":{"line":8,"column":22}},{"start":{},"end":{}}],"line":8},"3":{"loc":{"start":{"line":13,"column":2},"end":{"line":13,"column":38}},"type":"if","locations":[{"start":{"line":13,"column":2},"end":{"line":13,"column":38}},{"start":{},"end":{}}],"line":13},"4":{"loc":{"start":{"line":15,"column":22},"end":{"line":15,"column":54}},"type":"binary-expr","locations":[{"start":{"line":15,"column":22},"end":{"line":15,"column":36}},{"start":{"line":15,"column":40},"end":{"line":15,"column":54}}],"line":15},"5":{"loc":{"start":{"line":16,"column":22},"end":{"line":16,"column":104}},"type":"binary-expr","locations":[{"start":{"line":16,"column":23},"end":{"line":16,"column":42}},{"start":{"line":16,"column":46},"end":{"line":16,"column":61}},{"start":{"line":16,"column":67},"end":{"line":16,"column":86}},{"start":{"line":16,"column":90},"end":{"line":16,"column":103}}],"line":16},"6":{"loc":{"start":{"line":17,"column":19},"end":{"line":17,"column":46}},"type":"binary-expr","locations":[{"start":{"line":17,"column":19},"end":{"line":17,"column":31}},{"start":{"line":17,"column":35},"end":{"line":17,"column":46}}],"line":17},"7":{"loc":{"start":{"line":18,"column":2},"end":{"line":18,"column":43}},"type":"if","locations":[{"start":{"line":18,"column":2},"end":{"line":18,"column":43}},{"start":{},"end":{}}],"line":18},"8":{"loc":{"start":{"line":19,"column":2},"end":{"line":19,"column":76}},"type":"if","locations":[{"start":{"line":19,"column":2},"end":{"line":19,"column":76}},{"start":{},"end":{}}],"line":19},"9":{"loc":{"start":{"line":19,"column":6},"end":{"line":19,"column":45}},"type":"binary-expr","locations":[{"start":{"line":19,"column":6},"end":{"line":19,"column":25}},{"start":{"line":19,"column":29},"end":{"line":19,"column":45}}],"line":19},"10":{"loc":{"start":{"line":27,"column":2},"end":{"line":34,"column":3}},"type":"if","locations":[{"start":{"line":27,"column":2},"end":{"line":34,"column":3}},{"start":{},"end":{}}],"line":27},"11":{"loc":{"start":{"line":31,"column":58},"end":{"line":31,"column":68}},"type":"binary-expr","locations":[{"start":{"line":31,"column":58},"end":{"line":31,"column":62}},{"start":{"line":31,"column":66},"end":{"line":31,"column":68}}],"line":31},"12":{"loc":{"start":{"line":35,"column":2},"end":{"line":42,"column":3}},"type":"if","locations":[{"start":{"line":35,"column":2},"end":{"line":42,"column":3}},{"start":{},"end":{}}],"line":35},"13":{"loc":{"start":{"line":39,"column":73},"end":{"line":39,"column":83}},"type":"binary-expr","locations":[{"start":{"line":39,"column":73},"end":{"line":39,"column":77}},{"start":{"line":39,"column":81},"end":{"line":39,"column":83}}],"line":39},"14":{"loc":{"start":{"line":43,"column":2},"end":{"line":50,"column":3}},"type":"if","locations":[{"start":{"line":43,"column":2},"end":{"line":50,"column":3}},{"start":{},"end":{}}],"line":43},"15":{"loc":{"start":{"line":47,"column":71},"end":{"line":47,"column":81}},"type":"binary-expr","locations":[{"start":{"line":47,"column":71},"end":{"line":47,"column":75}},{"start":{"line":47,"column":79},"end":{"line":47,"column":81}}],"line":47},"16":{"loc":{"start":{"line":57,"column":17},"end":{"line":57,"column":34}},"type":"binary-expr","locations":[{"start":{"line":57,"column":17},"end":{"line":57,"column":28}},{"start":{"line":57,"column":32},"end":{"line":57,"column":34}}],"line":57},"17":{"loc":{"start":{"line":67,"column":6},"end":{"line":67,"column":24}},"type":"if","locations":[{"start":{"line":67,"column":6},"end":{"line":67,"column":24}},{"start":{},"end":{}}],"line":67},"18":{"loc":{"start":{"line":69,"column":20},"end":{"line":69,"column":130}},"type":"binary-expr","locations":[{"start":{"line":69,"column":20},"end":{"line":69,"column":26}},{"start":{"line":69,"column":32},"end":{"line":69,"column":45}},{"start":{"line":69,"column":49},"end":{"line":69,"column":71}},{"start":{"line":69,"column":77},"end":{"line":69,"column":110}},{"start":{"line":69,"column":114},"end":{"line":69,"column":128}}],"line":69},"19":{"loc":{"start":{"line":70,"column":2},"end":{"line":70,"column":25}},"type":"if","locations":[{"start":{"line":70,"column":2},"end":{"line":70,"column":25}},{"start":{},"end":{}}],"line":70},"20":{"loc":{"start":{"line":77,"column":19},"end":{"line":77,"column":41}},"type":"binary-expr","locations":[{"start":{"line":77,"column":19},"end":{"line":77,"column":35}},{"start":{"line":77,"column":39},"end":{"line":77,"column":41}}],"line":77},"21":{"loc":{"start":{"line":78,"column":43},"end":{"line":78,"column":70}},"type":"binary-expr","locations":[{"start":{"line":78,"column":43},"end":{"line":78,"column":64}},{"start":{"line":78,"column":68},"end":{"line":78,"column":70}}],"line":78},"22":{"loc":{"start":{"line":80,"column":22},"end":{"line":80,"column":86}},"type":"binary-expr","locations":[{"start":{"line":80,"column":22},"end":{"line":80,"column":81}},{"start":{"line":80,"column":85},"end":{"line":80,"column":86}}],"line":80},"23":{"loc":{"start":{"line":80,"column":31},"end":{"line":80,"column":80}},"type":"binary-expr","locations":[{"start":{"line":80,"column":31},"end":{"line":80,"column":46}},{"start":{"line":80,"column":50},"end":{"line":80,"column":75}},{"start":{"line":80,"column":79},"end":{"line":80,"column":80}}],"line":80},"24":{"loc":{"start":{"line":82,"column":4},"end":{"line":82,"column":25}},"type":"if","locations":[{"start":{"line":82,"column":4},"end":{"line":82,"column":25}},{"start":{},"end":{}}],"line":82},"25":{"loc":{"start":{"line":86,"column":8},"end":{"line":86,"column":82}},"type":"if","locations":[{"start":{"line":86,"column":8},"end":{"line":86,"column":82}},{"start":{},"end":{}}],"line":86},"26":{"loc":{"start":{"line":86,"column":12},"end":{"line":86,"column":73}},"type":"binary-expr","locations":[{"start":{"line":86,"column":13},"end":{"line":86,"column":16}},{"start":{"line":86,"column":20},"end":{"line":86,"column":59}},{"start":{"line":86,"column":64},"end":{"line":86,"column":73}}],"line":86},"27":{"loc":{"start":{"line":88,"column":22},"end":{"line":88,"column":82}},"type":"binary-expr","locations":[{"start":{"line":88,"column":22},"end":{"line":88,"column":76}},{"start":{"line":88,"column":80},"end":{"line":88,"column":82}}],"line":88},"28":{"loc":{"start":{"line":92,"column":19},"end":{"line":92,"column":45}},"type":"binary-expr","locations":[{"start":{"line":92,"column":19},"end":{"line":92,"column":29}},{"start":{"line":92,"column":33},"end":{"line":92,"column":45}}],"line":92},"29":{"loc":{"start":{"line":93,"column":8},"end":{"line":93,"column":24}},"type":"if","locations":[{"start":{"line":93,"column":8},"end":{"line":93,"column":24}},{"start":{},"end":{}}],"line":93},"30":{"loc":{"start":{"line":96,"column":8},"end":{"line":109,"column":9}},"type":"if","locations":[{"start":{"line":96,"column":8},"end":{"line":109,"column":9}},{"start":{},"end":{}}],"line":96},"31":{"loc":{"start":{"line":99,"column":12},"end":{"line":99,"column":53}},"type":"if","locations":[{"start":{"line":99,"column":12},"end":{"line":99,"column":53}},{"start":{},"end":{}}],"line":99},"32":{"loc":{"start":{"line":102,"column":10},"end":{"line":108,"column":11}},"type":"if","locations":[{"start":{"line":102,"column":10},"end":{"line":108,"column":11}},{"start":{},"end":{}}],"line":102},"33":{"loc":{"start":{"line":102,"column":14},"end":{"line":102,"column":64}},"type":"binary-expr","locations":[{"start":{"line":102,"column":14},"end":{"line":102,"column":35}},{"start":{"line":102,"column":39},"end":{"line":102,"column":64}}],"line":102},"34":{"loc":{"start":{"line":111,"column":8},"end":{"line":118,"column":9}},"type":"if","locations":[{"start":{"line":111,"column":8},"end":{"line":118,"column":9}},{"start":{},"end":{}}],"line":111},"35":{"loc":{"start":{"line":111,"column":12},"end":{"line":111,"column":55}},"type":"binary-expr","locations":[{"start":{"line":111,"column":12},"end":{"line":111,"column":32}},{"start":{"line":111,"column":36},"end":{"line":111,"column":55}}],"line":111},"36":{"loc":{"start":{"line":114,"column":10},"end":{"line":116,"column":11}},"type":"if","locations":[{"start":{"line":114,"column":10},"end":{"line":116,"column":11}},{"start":{},"end":{}}],"line":114},"37":{"loc":{"start":{"line":119,"column":8},"end":{"line":126,"column":9}},"type":"if","locations":[{"start":{"line":119,"column":8},"end":{"line":126,"column":9}},{"start":{},"end":{}}],"line":119},"38":{"loc":{"start":{"line":119,"column":12},"end":{"line":119,"column":51}},"type":"binary-expr","locations":[{"start":{"line":119,"column":12},"end":{"line":119,"column":30}},{"start":{"line":119,"column":34},"end":{"line":119,"column":51}}],"line":119},"39":{"loc":{"start":{"line":122,"column":10},"end":{"line":124,"column":11}},"type":"if","locations":[{"start":{"line":122,"column":10},"end":{"line":124,"column":11}},{"start":{},"end":{}}],"line":122},"40":{"loc":{"start":{"line":127,"column":8},"end":{"line":134,"column":9}},"type":"if","locations":[{"start":{"line":127,"column":8},"end":{"line":134,"column":9}},{"start":{},"end":{}}],"line":127},"41":{"loc":{"start":{"line":127,"column":12},"end":{"line":127,"column":74}},"type":"binary-expr","locations":[{"start":{"line":127,"column":12},"end":{"line":127,"column":28}},{"start":{"line":127,"column":32},"end":{"line":127,"column":54}},{"start":{"line":127,"column":58},"end":{"line":127,"column":74}}],"line":127},"42":{"loc":{"start":{"line":130,"column":10},"end":{"line":132,"column":11}},"type":"if","locations":[{"start":{"line":130,"column":10},"end":{"line":132,"column":11}},{"start":{},"end":{}}],"line":130},"43":{"loc":{"start":{"line":148,"column":6},"end":{"line":148,"column":24}},"type":"if","locations":[{"start":{"line":148,"column":6},"end":{"line":148,"column":24}},{"start":{},"end":{}}],"line":148},"44":{"loc":{"start":{"line":149,"column":21},"end":{"line":149,"column":43}},"type":"binary-expr","locations":[{"start":{"line":149,"column":21},"end":{"line":149,"column":37}},{"start":{"line":149,"column":41},"end":{"line":149,"column":43}}],"line":149},"45":{"loc":{"start":{"line":150,"column":47},"end":{"line":150,"column":74}},"type":"binary-expr","locations":[{"start":{"line":150,"column":47},"end":{"line":150,"column":68}},{"start":{"line":150,"column":72},"end":{"line":150,"column":74}}],"line":150},"46":{"loc":{"start":{"line":154,"column":6},"end":{"line":154,"column":37}},"type":"if","locations":[{"start":{"line":154,"column":6},"end":{"line":154,"column":37}},{"start":{},"end":{}}],"line":154},"47":{"loc":{"start":{"line":162,"column":30},"end":{"line":162,"column":40}},"type":"binary-expr","locations":[{"start":{"line":162,"column":30},"end":{"line":162,"column":34}},{"start":{"line":162,"column":38},"end":{"line":162,"column":40}}],"line":162}},"s":{"0":2,"1":0,"2":2,"3":2,"4":0,"5":2,"6":2,"7":0,"8":2,"9":2,"10":2,"11":2,"12":2,"13":1,"14":1,"15":1,"16":0,"17":3,"18":3,"19":1,"20":2,"21":1,"22":1,"23":1,"24":0,"25":1,"26":2,"27":2,"28":2,"29":2,"30":2,"31":2,"32":2,"33":2,"34":2,"35":2,"36":2,"37":0,"38":2,"39":2,"40":0,"41":2,"42":2,"43":2,"44":2,"45":2,"46":2,"47":2,"48":2,"49":0,"50":2,"51":2,"52":2,"53":0,"54":2,"55":2,"56":2,"57":2,"58":2,"59":2,"60":0,"61":2,"62":2,"63":2,"64":2,"65":2,"66":0,"67":2,"68":1,"69":1,"70":1,"71":1,"72":2,"73":1,"74":1,"75":1,"76":1,"77":1,"78":2,"79":1,"80":1,"81":1,"82":1,"83":1,"84":2,"85":0,"86":0,"87":0,"88":0,"89":0,"90":2,"91":2,"92":2,"93":1,"94":0,"95":1,"96":1,"97":1,"98":1,"99":1,"100":1,"101":1,"102":1,"103":1,"104":1,"105":1},"f":{"0":2,"1":2,"2":3,"3":2,"4":2,"5":2,"6":2,"7":2,"8":2,"9":2,"10":0,"11":0,"12":0,"13":1,"14":1,"15":1},"b":{"0":[0,2],"1":[2,2],"2":[0,2],"3":[0,2],"4":[2,2],"5":[2,2,1,0],"6":[2,2],"7":[1,1],"8":[1,0],"9":[1,1],"10":[1,2],"11":[1,0],"12":[1,1],"13":[1,0],"14":[1,0],"15":[1,0],"16":[2,0],"17":[0,2],"18":[2,2,2,0,0],"19":[0,2],"20":[2,0],"21":[2,0],"22":[2,0],"23":[2,2,2],"24":[0,2],"25":[0,2],"26":[2,0,2],"27":[2,0],"28":[2,2],"29":[0,2],"30":[2,0],"31":[2,0],"32":[1,1],"33":[2,1],"34":[1,1],"35":[2,1],"36":[1,0],"37":[1,1],"38":[2,1],"39":[1,0],"40":[0,2],"41":[2,0,0],"42":[0,0],"43":[0,1],"44":[1,0],"45":[1,0],"46":[1,0],"47":[1,0]},"_coverageSchema":"1a1c01bbd47fc00a2c39e90264f33305004495a9","hash":"669ed86ee84a8abdfb8c4c228f07604c6ae5b43c"}
,"C:\\Users\\smore\\OneDrive\\Apps\\Dishorde-CDRZ\\Dishorde\\lib\\charts.js": {"path":"C:\\Users\\smore\\OneDrive\\Apps\\Dishorde-CDRZ\\Dishorde\\lib\\charts.js","statementMap":{"0":{"start":{"line":1,"column":24},"end":{"line":1,"column":28}},"1":{"start":{"line":2,"column":12},"end":{"line":2,"column":16}},"2":{"start":{"line":3,"column":20},"end":{"line":3,"column":24}},"3":{"start":{"line":4,"column":0},"end":{"line":13,"column":1}},"4":{"start":{"line":5,"column":2},"end":{"line":5,"column":59}},"5":{"start":{"line":6,"column":2},"end":{"line":6,"column":51}},"6":{"start":{"line":7,"column":2},"end":{"line":10,"column":3}},"7":{"start":{"line":9,"column":4},"end":{"line":9,"column":37}},"8":{"start":{"line":16,"column":2},"end":{"line":16,"column":38}},"9":{"start":{"line":16,"column":26},"end":{"line":16,"column":38}},"10":{"start":{"line":17,"column":16},"end":{"line":17,"column":19}},"11":{"start":{"line":17,"column":30},"end":{"line":17,"column":33}},"12":{"start":{"line":18,"column":17},"end":{"line":18,"column":84}},"13":{"start":{"line":19,"column":17},"end":{"line":19,"column":103}},"14":{"start":{"line":19,"column":34},"end":{"line":19,"column":102}},"15":{"start":{"line":20,"column":15},"end":{"line":20,"column":40}},"16":{"start":{"line":20,"column":32},"end":{"line":20,"column":39}},"17":{"start":{"line":21,"column":17},"end":{"line":28,"column":3}},"18":{"start":{"line":29,"column":15},"end":{"line":29,"column":19}},"19":{"start":{"line":30,"column":2},"end":{"line":34,"column":3}},"20":{"start":{"line":31,"column":4},"end":{"line":31,"column":49}},"21":{"start":{"line":33,"column":4},"end":{"line":33,"column":16}},"22":{"start":{"line":35,"column":2},"end":{"line":35,"column":16}},"23":{"start":{"line":39,"column":2},"end":{"line":39,"column":29}},"24":{"start":{"line":42,"column":0},"end":{"line":42,"column":57}}},"fnMap":{"0":{"name":"renderTrendPng","decl":{"start":{"line":15,"column":15},"end":{"line":15,"column":29}},"loc":{"start":{"line":15,"column":39},"end":{"line":36,"column":1}},"line":15},"1":{"name":"(anonymous_1)","decl":{"start":{"line":19,"column":29},"end":{"line":19,"column":30}},"loc":{"start":{"line":19,"column":34},"end":{"line":19,"column":102}},"line":19},"2":{"name":"(anonymous_2)","decl":{"start":{"line":20,"column":27},"end":{"line":20,"column":28}},"loc":{"start":{"line":20,"column":32},"end":{"line":20,"column":39}},"line":20},"3":{"name":"isChartPngAvailable","decl":{"start":{"line":38,"column":9},"end":{"line":38,"column":28}},"loc":{"start":{"line":38,"column":31},"end":{"line":40,"column":1}},"line":38}},"branchMap":{"0":{"loc":{"start":{"line":7,"column":2},"end":{"line":10,"column":3}},"type":"if","locations":[{"start":{"line":7,"column":2},"end":{"line":10,"column":3}},{"start":{},"end":{}}],"line":7},"1":{"loc":{"start":{"line":7,"column":6},"end":{"line":7,"column":28}},"type":"binary-expr","locations":[{"start":{"line":7,"column":6},"end":{"line":7,"column":11}},{"start":{"line":7,"column":15},"end":{"line":7,"column":28}}],"line":7},"2":{"loc":{"start":{"line":16,"column":2},"end":{"line":16,"column":38}},"type":"if","locations":[{"start":{"line":16,"column":2},"end":{"line":16,"column":38}},{"start":{},"end":{}}],"line":16}},"s":{"0":2,"1":2,"2":2,"3":2,"4":2,"5":0,"6":0,"7":0,"8":2,"9":2,"10":0,"11":0,"12":0,"13":0,"14":0,"15":0,"16":0,"17":0,"18":0,"19":0,"20":0,"21":0,"22":0,"23":3,"24":2},"f":{"0":2,"1":0,"2":0,"3":3},"b":{"0":[0,0],"1":[0,0],"2":[2,0]},"_coverageSchema":"1a1c01bbd47fc00a2c39e90264f33305004495a9","hash":"73fbe53d702597919dedd7575332338f74895878"}
,"C:\\Users\\smore\\OneDrive\\Apps\\Dishorde-CDRZ\\Dishorde\\lib\\configSchema.js": {"path":"C:\\Users\\smore\\OneDrive\\Apps\\Dishorde-CDRZ\\Dishorde\\lib\\configSchema.js","statementMap":{"0":{"start":{"line":1,"column":8},"end":{"line":1,"column":12}},"1":{"start":{"line":2,"column":0},"end":{"line":6,"column":1}},"2":{"start":{"line":3,"column":2},"end":{"line":3,"column":21}},"3":{"start":{"line":8,"column":15},"end":{"line":27,"column":9}},"4":{"start":{"line":30,"column":2},"end":{"line":30,"column":35}},"5":{"start":{"line":30,"column":15},"end":{"line":30,"column":35}},"6":{"start":{"line":31,"column":14},"end":{"line":31,"column":41}},"7":{"start":{"line":32,"column":2},"end":{"line":32,"column":39}},"8":{"start":{"line":32,"column":19},"end":{"line":32,"column":39}},"9":{"start":{"line":33,"column":14},"end":{"line":33,"column":87}},"10":{"start":{"line":33,"column":40},"end":{"line":33,"column":75}},"11":{"start":{"line":34,"column":2},"end":{"line":34,"column":37}},"12":{"start":{"line":37,"column":0},"end":{"line":37,"column":36}}},"fnMap":{"0":{"name":"validateConfig","decl":{"start":{"line":29,"column":9},"end":{"line":29,"column":23}},"loc":{"start":{"line":29,"column":29},"end":{"line":35,"column":1}},"line":29},"1":{"name":"(anonymous_1)","decl":{"start":{"line":33,"column":35},"end":{"line":33,"column":36}},"loc":{"start":{"line":33,"column":40},"end":{"line":33,"column":75}},"line":33}},"branchMap":{"0":{"loc":{"start":{"line":8,"column":15},"end":{"line":27,"column":9}},"type":"cond-expr","locations":[{"start":{"line":8,"column":19},"end":{"line":27,"column":2}},{"start":{"line":27,"column":5},"end":{"line":27,"column":9}}],"line":8},"1":{"loc":{"start":{"line":30,"column":2},"end":{"line":30,"column":35}},"type":"if","locations":[{"start":{"line":30,"column":2},"end":{"line":30,"column":35}},{"start":{},"end":{}}],"line":30},"2":{"loc":{"start":{"line":31,"column":31},"end":{"line":31,"column":40}},"type":"binary-expr","locations":[{"start":{"line":31,"column":31},"end":{"line":31,"column":34}},{"start":{"line":31,"column":38},"end":{"line":31,"column":40}}],"line":31},"3":{"loc":{"start":{"line":32,"column":2},"end":{"line":32,"column":39}},"type":"if","locations":[{"start":{"line":32,"column":2},"end":{"line":32,"column":39}},{"start":{},"end":{}}],"line":32}},"s":{"0":2,"1":2,"2":2,"3":2,"4":3,"5":0,"6":3,"7":3,"8":2,"9":1,"10":1,"11":1,"12":2},"f":{"0":3,"1":1},"b":{"0":[2,0],"1":[0,3],"2":[3,0],"3":[2,1]},"_coverageSchema":"1a1c01bbd47fc00a2c39e90264f33305004495a9","hash":"48bae432266c56117252bc7c7279b8cb30233cce"}
,"C:\\Users\\smore\\OneDrive\\Apps\\Dishorde-CDRZ\\Dishorde\\lib\\embeds.js": {"path":"C:\\Users\\smore\\OneDrive\\Apps\\Dishorde-CDRZ\\Dishorde\\lib\\embeds.js","statementMap":{"0":{"start":{"line":4,"column":2},"end":{"line":4,"column":176}},"1":{"start":{"line":8,"column":16},"end":{"line":13,"column":3}},"2":{"start":{"line":14,"column":2},"end":{"line":14,"column":66}},"3":{"start":{"line":14,"column":17},"end":{"line":14,"column":66}},"4":{"start":{"line":15,"column":2},"end":{"line":15,"column":15}},"5":{"start":{"line":19,"column":2},"end":{"line":24,"column":4}},"6":{"start":{"line":28,"column":2},"end":{"line":33,"column":4}},"7":{"start":{"line":37,"column":2},"end":{"line":42,"column":4}},"8":{"start":{"line":46,"column":2},"end":{"line":51,"column":4}},"9":{"start":{"line":54,"column":0},"end":{"line":54,"column":107}}},"fnMap":{"0":{"name":"timestampFooter","decl":{"start":{"line":3,"column":9},"end":{"line":3,"column":24}},"loc":{"start":{"line":3,"column":27},"end":{"line":5,"column":1}},"line":3},"1":{"name":"serverAnalyticsEmbed","decl":{"start":{"line":7,"column":9},"end":{"line":7,"column":29}},"loc":{"start":{"line":7,"column":71},"end":{"line":16,"column":1}},"line":7},"2":{"name":"activityEmbed","decl":{"start":{"line":18,"column":9},"end":{"line":18,"column":22}},"loc":{"start":{"line":18,"column":50},"end":{"line":25,"column":1}},"line":18},"3":{"name":"playersListEmbed","decl":{"start":{"line":27,"column":9},"end":{"line":27,"column":25}},"loc":{"start":{"line":27,"column":53},"end":{"line":34,"column":1}},"line":27},"4":{"name":"timeEmbed","decl":{"start":{"line":36,"column":9},"end":{"line":36,"column":18}},"loc":{"start":{"line":36,"column":46},"end":{"line":43,"column":1}},"line":36},"5":{"name":"playerDeepDiveEmbed","decl":{"start":{"line":45,"column":9},"end":{"line":45,"column":28}},"loc":{"start":{"line":45,"column":87},"end":{"line":52,"column":1}},"line":45}},"branchMap":{"0":{"loc":{"start":{"line":7,"column":30},"end":{"line":7,"column":69}},"type":"default-arg","locations":[{"start":{"line":7,"column":67},"end":{"line":7,"column":69}}],"line":7},"1":{"loc":{"start":{"line":7,"column":45},"end":{"line":7,"column":62}},"type":"default-arg","locations":[{"start":{"line":7,"column":57},"end":{"line":7,"column":62}}],"line":7},"2":{"loc":{"start":{"line":11,"column":18},"end":{"line":11,"column":35}},"type":"binary-expr","locations":[{"start":{"line":11,"column":18},"end":{"line":11,"column":29}},{"start":{"line":11,"column":33},"end":{"line":11,"column":35}}],"line":11},"3":{"loc":{"start":{"line":14,"column":2},"end":{"line":14,"column":66}},"type":"if","locations":[{"start":{"line":14,"column":2},"end":{"line":14,"column":66}},{"start":{},"end":{}}],"line":14},"4":{"loc":{"start":{"line":18,"column":23},"end":{"line":18,"column":48}},"type":"default-arg","locations":[{"start":{"line":18,"column":46},"end":{"line":18,"column":48}}],"line":18},"5":{"loc":{"start":{"line":18,"column":25},"end":{"line":18,"column":41}},"type":"default-arg","locations":[{"start":{"line":18,"column":39},"end":{"line":18,"column":41}}],"line":18},"6":{"loc":{"start":{"line":22,"column":18},"end":{"line":22,"column":35}},"type":"binary-expr","locations":[{"start":{"line":22,"column":18},"end":{"line":22,"column":29}},{"start":{"line":22,"column":33},"end":{"line":22,"column":35}}],"line":22},"7":{"loc":{"start":{"line":27,"column":26},"end":{"line":27,"column":51}},"type":"default-arg","locations":[{"start":{"line":27,"column":49},"end":{"line":27,"column":51}}],"line":27},"8":{"loc":{"start":{"line":27,"column":28},"end":{"line":27,"column":44}},"type":"default-arg","locations":[{"start":{"line":27,"column":42},"end":{"line":27,"column":44}}],"line":27},"9":{"loc":{"start":{"line":31,"column":18},"end":{"line":31,"column":35}},"type":"binary-expr","locations":[{"start":{"line":31,"column":18},"end":{"line":31,"column":29}},{"start":{"line":31,"column":33},"end":{"line":31,"column":35}}],"line":31},"10":{"loc":{"start":{"line":36,"column":19},"end":{"line":36,"column":44}},"type":"default-arg","locations":[{"start":{"line":36,"column":42},"end":{"line":36,"column":44}}],"line":36},"11":{"loc":{"start":{"line":36,"column":21},"end":{"line":36,"column":37}},"type":"default-arg","locations":[{"start":{"line":36,"column":35},"end":{"line":36,"column":37}}],"line":36},"12":{"loc":{"start":{"line":40,"column":18},"end":{"line":40,"column":35}},"type":"binary-expr","locations":[{"start":{"line":40,"column":18},"end":{"line":40,"column":29}},{"start":{"line":40,"column":33},"end":{"line":40,"column":35}}],"line":40},"13":{"loc":{"start":{"line":45,"column":29},"end":{"line":45,"column":85}},"type":"default-arg","locations":[{"start":{"line":45,"column":83},"end":{"line":45,"column":85}}],"line":45},"14":{"loc":{"start":{"line":45,"column":31},"end":{"line":45,"column":60}},"type":"default-arg","locations":[{"start":{"line":45,"column":39},"end":{"line":45,"column":60}}],"line":45},"15":{"loc":{"start":{"line":45,"column":62},"end":{"line":45,"column":78}},"type":"default-arg","locations":[{"start":{"line":45,"column":76},"end":{"line":45,"column":78}}],"line":45},"16":{"loc":{"start":{"line":49,"column":18},"end":{"line":49,"column":35}},"type":"binary-expr","locations":[{"start":{"line":49,"column":18},"end":{"line":49,"column":29}},{"start":{"line":49,"column":33},"end":{"line":49,"column":35}}],"line":49}},"s":{"0":1,"1":1,"2":1,"3":0,"4":1,"5":0,"6":0,"7":0,"8":0,"9":1},"f":{"0":1,"1":1,"2":0,"3":0,"4":0,"5":0},"b":{"0":[0],"1":[0],"2":[1,0],"3":[0,1],"4":[0],"5":[0],"6":[0,0],"7":[0],"8":[0],"9":[0,0],"10":[0],"11":[0],"12":[0,0],"13":[0],"14":[0],"15":[0],"16":[0,0]},"_coverageSchema":"1a1c01bbd47fc00a2c39e90264f33305004495a9","hash":"35ff3626a6b96399f172037f41ccedadc103ee42"}
,"C:\\Users\\smore\\OneDrive\\Apps\\Dishorde-CDRZ\\Dishorde\\lib\\enhancedAnalytics.js": {"path":"C:\\Users\\smore\\OneDrive\\Apps\\Dishorde-CDRZ\\Dishorde\\lib\\enhancedAnalytics.js","statementMap":{"0":{"start":{"line":2,"column":57},"end":{"line":2,"column":84}},"1":{"start":{"line":5,"column":2},"end":{"line":5,"column":65}},"2":{"start":{"line":5,"column":53},"end":{"line":5,"column":65}},"3":{"start":{"line":6,"column":17},"end":{"line":6,"column":34}},"4":{"start":{"line":7,"column":17},"end":{"line":7,"column":41}},"5":{"start":{"line":7,"column":33},"end":{"line":7,"column":40}},"6":{"start":{"line":8,"column":21},"end":{"line":8,"column":74}},"7":{"start":{"line":8,"column":44},"end":{"line":8,"column":73}},"8":{"start":{"line":9,"column":21},"end":{"line":9,"column":74}},"9":{"start":{"line":9,"column":44},"end":{"line":9,"column":73}},"10":{"start":{"line":10,"column":17},"end":{"line":10,"column":84}},"11":{"start":{"line":10,"column":40},"end":{"line":10,"column":83}},"12":{"start":{"line":11,"column":2},"end":{"line":11,"column":47}},"13":{"start":{"line":11,"column":18},"end":{"line":11,"column":47}},"14":{"start":{"line":12,"column":2},"end":{"line":12,"column":47}},"15":{"start":{"line":12,"column":18},"end":{"line":12,"column":47}},"16":{"start":{"line":13,"column":2},"end":{"line":13,"column":43}},"17":{"start":{"line":13,"column":14},"end":{"line":13,"column":43}},"18":{"start":{"line":14,"column":2},"end":{"line":14,"column":29}},"19":{"start":{"line":18,"column":2},"end":{"line":18,"column":66}},"20":{"start":{"line":18,"column":54},"end":{"line":18,"column":66}},"21":{"start":{"line":19,"column":17},"end":{"line":19,"column":34}},"22":{"start":{"line":20,"column":19},"end":{"line":20,"column":41}},"23":{"start":{"line":21,"column":20},"end":{"line":21,"column":75}},"24":{"start":{"line":21,"column":44},"end":{"line":21,"column":55}},"25":{"start":{"line":22,"column":22},"end":{"line":22,"column":81}},"26":{"start":{"line":22,"column":48},"end":{"line":22,"column":59}},"27":{"start":{"line":23,"column":17},"end":{"line":23,"column":40}},"28":{"start":{"line":24,"column":24},"end":{"line":24,"column":71}},"29":{"start":{"line":25,"column":17},"end":{"line":25,"column":19}},"30":{"start":{"line":26,"column":2},"end":{"line":31,"column":3}},"31":{"start":{"line":27,"column":22},"end":{"line":27,"column":69}},"32":{"start":{"line":28,"column":4},"end":{"line":28,"column":80}},"33":{"start":{"line":30,"column":4},"end":{"line":30,"column":74}},"34":{"start":{"line":32,"column":22},"end":{"line":32,"column":51}},"35":{"start":{"line":33,"column":2},"end":{"line":33,"column":53}},"36":{"start":{"line":34,"column":2},"end":{"line":34,"column":18}},"37":{"start":{"line":38,"column":2},"end":{"line":38,"column":103}},"38":{"start":{"line":38,"column":91},"end":{"line":38,"column":103}},"39":{"start":{"line":39,"column":21},"end":{"line":39,"column":31}},"40":{"start":{"line":40,"column":2},"end":{"line":45,"column":3}},"41":{"start":{"line":40,"column":15},"end":{"line":40,"column":33}},"42":{"start":{"line":41,"column":18},"end":{"line":41,"column":28}},"43":{"start":{"line":42,"column":25},"end":{"line":42,"column":44}},"44":{"start":{"line":43,"column":30},"end":{"line":43,"column":80}},"45":{"start":{"line":43,"column":55},"end":{"line":43,"column":79}},"46":{"start":{"line":44,"column":4},"end":{"line":44,"column":70}},"47":{"start":{"line":44,"column":27},"end":{"line":44,"column":58}},"48":{"start":{"line":44,"column":64},"end":{"line":44,"column":70}},"49":{"start":{"line":46,"column":23},"end":{"line":46,"column":91}},"50":{"start":{"line":47,"column":2},"end":{"line":47,"column":48}},"51":{"start":{"line":51,"column":2},"end":{"line":51,"column":65}},"52":{"start":{"line":51,"column":53},"end":{"line":51,"column":65}},"53":{"start":{"line":52,"column":24},"end":{"line":52,"column":33}},"54":{"start":{"line":53,"column":17},"end":{"line":53,"column":87}},"55":{"start":{"line":53,"column":37},"end":{"line":53,"column":86}},"56":{"start":{"line":54,"column":2},"end":{"line":54,"column":84}},"57":{"start":{"line":54,"column":26},"end":{"line":54,"column":82}},"58":{"start":{"line":54,"column":61},"end":{"line":54,"column":81}},"59":{"start":{"line":55,"column":24},"end":{"line":55,"column":42}},"60":{"start":{"line":56,"column":25},"end":{"line":56,"column":66}},"61":{"start":{"line":57,"column":17},"end":{"line":57,"column":19}},"62":{"start":{"line":58,"column":2},"end":{"line":61,"column":3}},"63":{"start":{"line":59,"column":26},"end":{"line":59,"column":83}},"64":{"start":{"line":60,"column":4},"end":{"line":60,"column":87}},"65":{"start":{"line":62,"column":2},"end":{"line":65,"column":3}},"66":{"start":{"line":63,"column":23},"end":{"line":63,"column":69}},"67":{"start":{"line":64,"column":4},"end":{"line":64,"column":77}},"68":{"start":{"line":64,"column":20},"end":{"line":64,"column":77}},"69":{"start":{"line":66,"column":26},"end":{"line":66,"column":53}},"70":{"start":{"line":67,"column":2},"end":{"line":67,"column":74}},"71":{"start":{"line":67,"column":23},"end":{"line":67,"column":74}},"72":{"start":{"line":68,"column":2},"end":{"line":68,"column":26}},"73":{"start":{"line":72,"column":2},"end":{"line":72,"column":107}},"74":{"start":{"line":72,"column":53},"end":{"line":72,"column":107}},"75":{"start":{"line":73,"column":14},"end":{"line":73,"column":24}},"76":{"start":{"line":74,"column":21},"end":{"line":74,"column":43}},"77":{"start":{"line":75,"column":24},"end":{"line":75,"column":50}},"78":{"start":{"line":76,"column":22},"end":{"line":76,"column":48}},"79":{"start":{"line":77,"column":19},"end":{"line":77,"column":65}},"80":{"start":{"line":77,"column":39},"end":{"line":77,"column":64}},"81":{"start":{"line":78,"column":16},"end":{"line":78,"column":65}},"82":{"start":{"line":78,"column":36},"end":{"line":78,"column":64}},"83":{"start":{"line":79,"column":16},"end":{"line":79,"column":63}},"84":{"start":{"line":79,"column":36},"end":{"line":79,"column":62}},"85":{"start":{"line":80,"column":26},"end":{"line":80,"column":58}},"86":{"start":{"line":81,"column":25},"end":{"line":81,"column":54}},"87":{"start":{"line":82,"column":27},"end":{"line":82,"column":56}},"88":{"start":{"line":83,"column":26},"end":{"line":83,"column":56}},"89":{"start":{"line":84,"column":27},"end":{"line":84,"column":59}},"90":{"start":{"line":85,"column":18},"end":{"line":85,"column":20}},"91":{"start":{"line":86,"column":2},"end":{"line":86,"column":91}},"92":{"start":{"line":87,"column":2},"end":{"line":87,"column":91}},"93":{"start":{"line":88,"column":2},"end":{"line":88,"column":96}},"94":{"start":{"line":89,"column":2},"end":{"line":89,"column":84}},"95":{"start":{"line":89,"column":23},"end":{"line":89,"column":84}},"96":{"start":{"line":90,"column":2},"end":{"line":90,"column":87}},"97":{"start":{"line":90,"column":24},"end":{"line":90,"column":87}},"98":{"start":{"line":91,"column":2},"end":{"line":91,"column":19}},"99":{"start":{"line":94,"column":0},"end":{"line":100,"column":2}}},"fnMap":{"0":{"name":"getActivityPattern","decl":{"start":{"line":4,"column":9},"end":{"line":4,"column":27}},"loc":{"start":{"line":4,"column":37},"end":{"line":15,"column":1}},"line":4},"1":{"name":"(anonymous_1)","decl":{"start":{"line":7,"column":28},"end":{"line":7,"column":29}},"loc":{"start":{"line":7,"column":33},"end":{"line":7,"column":40}},"line":7},"2":{"name":"(anonymous_2)","decl":{"start":{"line":8,"column":34},"end":{"line":8,"column":35}},"loc":{"start":{"line":8,"column":44},"end":{"line":8,"column":73}},"line":8},"3":{"name":"(anonymous_3)","decl":{"start":{"line":9,"column":34},"end":{"line":9,"column":35}},"loc":{"start":{"line":9,"column":44},"end":{"line":9,"column":73}},"line":9},"4":{"name":"(anonymous_4)","decl":{"start":{"line":10,"column":30},"end":{"line":10,"column":31}},"loc":{"start":{"line":10,"column":40},"end":{"line":10,"column":83}},"line":10},"5":{"name":"analyzeActivityPatterns","decl":{"start":{"line":17,"column":9},"end":{"line":17,"column":32}},"loc":{"start":{"line":17,"column":42},"end":{"line":35,"column":1}},"line":17},"6":{"name":"(anonymous_6)","decl":{"start":{"line":21,"column":34},"end":{"line":21,"column":35}},"loc":{"start":{"line":21,"column":44},"end":{"line":21,"column":55}},"line":21},"7":{"name":"(anonymous_7)","decl":{"start":{"line":22,"column":38},"end":{"line":22,"column":39}},"loc":{"start":{"line":22,"column":48},"end":{"line":22,"column":59}},"line":22},"8":{"name":"estimateSessionLength","decl":{"start":{"line":37,"column":9},"end":{"line":37,"column":30}},"loc":{"start":{"line":37,"column":56},"end":{"line":48,"column":1}},"line":37},"9":{"name":"(anonymous_9)","decl":{"start":{"line":43,"column":50},"end":{"line":43,"column":51}},"loc":{"start":{"line":43,"column":55},"end":{"line":43,"column":79}},"line":43},"10":{"name":"analyzePlayerSessions","decl":{"start":{"line":50,"column":9},"end":{"line":50,"column":30}},"loc":{"start":{"line":50,"column":40},"end":{"line":69,"column":1}},"line":50},"11":{"name":"(anonymous_11)","decl":{"start":{"line":53,"column":32},"end":{"line":53,"column":33}},"loc":{"start":{"line":53,"column":37},"end":{"line":53,"column":86}},"line":53},"12":{"name":"(anonymous_12)","decl":{"start":{"line":54,"column":17},"end":{"line":54,"column":18}},"loc":{"start":{"line":54,"column":26},"end":{"line":54,"column":82}},"line":54},"13":{"name":"(anonymous_13)","decl":{"start":{"line":54,"column":56},"end":{"line":54,"column":57}},"loc":{"start":{"line":54,"column":61},"end":{"line":54,"column":81}},"line":54},"14":{"name":"generateEnhancedAnalytics","decl":{"start":{"line":71,"column":9},"end":{"line":71,"column":34}},"loc":{"start":{"line":71,"column":44},"end":{"line":92,"column":1}},"line":71},"15":{"name":"(anonymous_15)","decl":{"start":{"line":77,"column":34},"end":{"line":77,"column":35}},"loc":{"start":{"line":77,"column":39},"end":{"line":77,"column":64}},"line":77},"16":{"name":"(anonymous_16)","decl":{"start":{"line":78,"column":31},"end":{"line":78,"column":32}},"loc":{"start":{"line":78,"column":36},"end":{"line":78,"column":64}},"line":78},"17":{"name":"(anonymous_17)","decl":{"start":{"line":79,"column":31},"end":{"line":79,"column":32}},"loc":{"start":{"line":79,"column":36},"end":{"line":79,"column":62}},"line":79}},"branchMap":{"0":{"loc":{"start":{"line":5,"column":2},"end":{"line":5,"column":65}},"type":"if","locations":[{"start":{"line":5,"column":2},"end":{"line":5,"column":65}},{"start":{},"end":{}}],"line":5},"1":{"loc":{"start":{"line":5,"column":6},"end":{"line":5,"column":51}},"type":"binary-expr","locations":[{"start":{"line":5,"column":6},"end":{"line":5,"column":29}},{"start":{"line":5,"column":33},"end":{"line":5,"column":51}}],"line":5},"2":{"loc":{"start":{"line":8,"column":44},"end":{"line":8,"column":73}},"type":"binary-expr","locations":[{"start":{"line":8,"column":44},"end":{"line":8,"column":51}},{"start":{"line":8,"column":55},"end":{"line":8,"column":73}}],"line":8},"3":{"loc":{"start":{"line":9,"column":44},"end":{"line":9,"column":73}},"type":"binary-expr","locations":[{"start":{"line":9,"column":44},"end":{"line":9,"column":51}},{"start":{"line":9,"column":55},"end":{"line":9,"column":73}}],"line":9},"4":{"loc":{"start":{"line":10,"column":40},"end":{"line":10,"column":83}},"type":"binary-expr","locations":[{"start":{"line":10,"column":40},"end":{"line":10,"column":47}},{"start":{"line":10,"column":51},"end":{"line":10,"column":83}}],"line":10},"5":{"loc":{"start":{"line":11,"column":2},"end":{"line":11,"column":47}},"type":"if","locations":[{"start":{"line":11,"column":2},"end":{"line":11,"column":47}},{"start":{},"end":{}}],"line":11},"6":{"loc":{"start":{"line":12,"column":2},"end":{"line":12,"column":47}},"type":"if","locations":[{"start":{"line":12,"column":2},"end":{"line":12,"column":47}},{"start":{},"end":{}}],"line":12},"7":{"loc":{"start":{"line":13,"column":2},"end":{"line":13,"column":43}},"type":"if","locations":[{"start":{"line":13,"column":2},"end":{"line":13,"column":43}},{"start":{},"end":{}}],"line":13},"8":{"loc":{"start":{"line":18,"column":2},"end":{"line":18,"column":66}},"type":"if","locations":[{"start":{"line":18,"column":2},"end":{"line":18,"column":66}},{"start":{},"end":{}}],"line":18},"9":{"loc":{"start":{"line":18,"column":6},"end":{"line":18,"column":52}},"type":"binary-expr","locations":[{"start":{"line":18,"column":6},"end":{"line":18,"column":29}},{"start":{"line":18,"column":33},"end":{"line":18,"column":52}}],"line":18},"10":{"loc":{"start":{"line":24,"column":46},"end":{"line":24,"column":62}},"type":"binary-expr","locations":[{"start":{"line":24,"column":46},"end":{"line":24,"column":57}},{"start":{"line":24,"column":61},"end":{"line":24,"column":62}}],"line":24},"11":{"loc":{"start":{"line":26,"column":2},"end":{"line":31,"column":3}},"type":"if","locations":[{"start":{"line":26,"column":2},"end":{"line":31,"column":3}},{"start":{"line":29,"column":9},"end":{"line":31,"column":3}}],"line":26},"12":{"loc":{"start":{"line":27,"column":22},"end":{"line":27,"column":69}},"type":"cond-expr","locations":[{"start":{"line":27,"column":42},"end":{"line":27,"column":54}},{"start":{"line":27,"column":57},"end":{"line":27,"column":69}}],"line":27},"13":{"loc":{"start":{"line":38,"column":2},"end":{"line":38,"column":103}},"type":"if","locations":[{"start":{"line":38,"column":2},"end":{"line":38,"column":103}},{"start":{},"end":{}}],"line":38},"14":{"loc":{"start":{"line":38,"column":6},"end":{"line":38,"column":89}},"type":"binary-expr","locations":[{"start":{"line":38,"column":6},"end":{"line":38,"column":36}},{"start":{"line":38,"column":40},"end":{"line":38,"column":67}},{"start":{"line":38,"column":71},"end":{"line":38,"column":89}}],"line":38},"15":{"loc":{"start":{"line":42,"column":25},"end":{"line":42,"column":44}},"type":"binary-expr","locations":[{"start":{"line":42,"column":25},"end":{"line":42,"column":38}},{"start":{"line":42,"column":42},"end":{"line":42,"column":44}}],"line":42},"16":{"loc":{"start":{"line":44,"column":4},"end":{"line":44,"column":70}},"type":"if","locations":[{"start":{"line":44,"column":4},"end":{"line":44,"column":70}},{"start":{"line":44,"column":64},"end":{"line":44,"column":70}}],"line":44},"17":{"loc":{"start":{"line":47,"column":9},"end":{"line":47,"column":47}},"type":"cond-expr","locations":[{"start":{"line":47,"column":28},"end":{"line":47,"column":40}},{"start":{"line":47,"column":43},"end":{"line":47,"column":47}}],"line":47},"18":{"loc":{"start":{"line":51,"column":2},"end":{"line":51,"column":65}},"type":"if","locations":[{"start":{"line":51,"column":2},"end":{"line":51,"column":65}},{"start":{},"end":{}}],"line":51},"19":{"loc":{"start":{"line":51,"column":6},"end":{"line":51,"column":51}},"type":"binary-expr","locations":[{"start":{"line":51,"column":6},"end":{"line":51,"column":29}},{"start":{"line":51,"column":33},"end":{"line":51,"column":51}}],"line":51},"20":{"loc":{"start":{"line":54,"column":27},"end":{"line":54,"column":46}},"type":"binary-expr","locations":[{"start":{"line":54,"column":27},"end":{"line":54,"column":40}},{"start":{"line":54,"column":44},"end":{"line":54,"column":46}}],"line":54},"21":{"loc":{"start":{"line":56,"column":25},"end":{"line":56,"column":66}},"type":"binary-expr","locations":[{"start":{"line":56,"column":25},"end":{"line":56,"column":60}},{"start":{"line":56,"column":64},"end":{"line":56,"column":66}}],"line":56},"22":{"loc":{"start":{"line":58,"column":2},"end":{"line":61,"column":3}},"type":"if","locations":[{"start":{"line":58,"column":2},"end":{"line":61,"column":3}},{"start":{},"end":{}}],"line":58},"23":{"loc":{"start":{"line":62,"column":2},"end":{"line":65,"column":3}},"type":"if","locations":[{"start":{"line":62,"column":2},"end":{"line":65,"column":3}},{"start":{},"end":{}}],"line":62},"24":{"loc":{"start":{"line":64,"column":4},"end":{"line":64,"column":77}},"type":"if","locations":[{"start":{"line":64,"column":4},"end":{"line":64,"column":77}},{"start":{},"end":{}}],"line":64},"25":{"loc":{"start":{"line":67,"column":2},"end":{"line":67,"column":74}},"type":"if","locations":[{"start":{"line":67,"column":2},"end":{"line":67,"column":74}},{"start":{},"end":{}}],"line":67},"26":{"loc":{"start":{"line":68,"column":9},"end":{"line":68,"column":25}},"type":"binary-expr","locations":[{"start":{"line":68,"column":9},"end":{"line":68,"column":17}},{"start":{"line":68,"column":21},"end":{"line":68,"column":25}}],"line":68},"27":{"loc":{"start":{"line":72,"column":2},"end":{"line":72,"column":107}},"type":"if","locations":[{"start":{"line":72,"column":2},"end":{"line":72,"column":107}},{"start":{},"end":{}}],"line":72},"28":{"loc":{"start":{"line":72,"column":6},"end":{"line":72,"column":51}},"type":"binary-expr","locations":[{"start":{"line":72,"column":6},"end":{"line":72,"column":29}},{"start":{"line":72,"column":33},"end":{"line":72,"column":51}}],"line":72},"29":{"loc":{"start":{"line":89,"column":2},"end":{"line":89,"column":84}},"type":"if","locations":[{"start":{"line":89,"column":2},"end":{"line":89,"column":84}},{"start":{},"end":{}}],"line":89},"30":{"loc":{"start":{"line":90,"column":2},"end":{"line":90,"column":87}},"type":"if","locations":[{"start":{"line":90,"column":2},"end":{"line":90,"column":87}},{"start":{},"end":{}}],"line":90}},"s":{"0":2,"1":7,"2":1,"3":6,"4":6,"5":36,"6":6,"7":23,"8":6,"9":22,"10":6,"11":32,"12":6,"13":2,"14":4,"15":1,"16":3,"17":2,"18":1,"19":3,"20":1,"21":2,"22":2,"23":2,"24":12,"25":2,"26":12,"27":2,"28":2,"29":2,"30":2,"31":2,"32":2,"33":0,"34":2,"35":2,"36":2,"37":2,"38":0,"39":2,"40":2,"41":2,"42":14,"43":14,"44":14,"45":15,"46":14,"47":12,"48":2,"49":2,"50":2,"51":3,"52":1,"53":2,"54":2,"55":36,"56":2,"57":36,"58":18,"59":2,"60":2,"61":2,"62":2,"63":2,"64":2,"65":2,"66":2,"67":2,"68":2,"69":2,"70":2,"71":2,"72":2,"73":2,"74":1,"75":1,"76":1,"77":1,"78":1,"79":1,"80":24,"81":1,"82":24,"83":1,"84":24,"85":1,"86":1,"87":1,"88":1,"89":1,"90":1,"91":1,"92":1,"93":1,"94":1,"95":1,"96":1,"97":1,"98":1,"99":2},"f":{"0":7,"1":36,"2":23,"3":22,"4":32,"5":3,"6":12,"7":12,"8":2,"9":15,"10":3,"11":36,"12":36,"13":18,"14":2,"15":24,"16":24,"17":24},"b":{"0":[1,6],"1":[7,7],"2":[23,17],"3":[22,16],"4":[32,26],"5":[2,4],"6":[1,3],"7":[2,1],"8":[1,2],"9":[3,3],"10":[2,0],"11":[2,0],"12":[2,0],"13":[0,2],"14":[2,2,2],"15":[14,0],"16":[12,2],"17":[2,0],"18":[1,2],"19":[3,3],"20":[36,0],"21":[2,0],"22":[2,0],"23":[2,0],"24":[2,0],"25":[2,0],"26":[2,0],"27":[1,1],"28":[2,2],"29":[1,0],"30":[1,0]},"_coverageSchema":"1a1c01bbd47fc00a2c39e90264f33305004495a9","hash":"3b046d84b4c5c67fe612c0812b61e68dafed340b"}
,"C:\\Users\\smore\\OneDrive\\Apps\\Dishorde-CDRZ\\Dishorde\\lib\\telemetry.js": {"path":"C:\\Users\\smore\\OneDrive\\Apps\\Dishorde-CDRZ\\Dishorde\\lib\\telemetry.js","statementMap":{"0":{"start":{"line":1,"column":11},"end":{"line":1,"column":24}},"1":{"start":{"line":2,"column":11},"end":{"line":2,"column":24}},"2":{"start":{"line":3,"column":14},"end":{"line":3,"column":30}},"3":{"start":{"line":4,"column":13},"end":{"line":4,"column":28}},"4":{"start":{"line":10,"column":2},"end":{"line":17,"column":16}},"5":{"start":{"line":11,"column":4},"end":{"line":16,"column":5}},"6":{"start":{"line":12,"column":19},"end":{"line":12,"column":64}},"7":{"start":{"line":13,"column":6},"end":{"line":15,"column":7}},"8":{"start":{"line":14,"column":8},"end":{"line":14,"column":31}},"9":{"start":{"line":19,"column":13},"end":{"line":22,"column":4}},"10":{"start":{"line":20,"column":14},"end":{"line":20,"column":32}},"11":{"start":{"line":20,"column":38},"end":{"line":20,"column":65}},"12":{"start":{"line":21,"column":4},"end":{"line":21,"column":26}},"13":{"start":{"line":23,"column":2},"end":{"line":25,"column":16}},"14":{"start":{"line":24,"column":4},"end":{"line":24,"column":76}},"15":{"start":{"line":26,"column":2},"end":{"line":26,"column":12}},"16":{"start":{"line":30,"column":2},"end":{"line":30,"column":29}},"17":{"start":{"line":30,"column":17},"end":{"line":30,"column":29}},"18":{"start":{"line":31,"column":12},"end":{"line":31,"column":42}},"19":{"start":{"line":32,"column":2},"end":{"line":32,"column":68}},"20":{"start":{"line":32,"column":55},"end":{"line":32,"column":68}},"21":{"start":{"line":33,"column":2},"end":{"line":33,"column":65}},"22":{"start":{"line":33,"column":53},"end":{"line":33,"column":65}},"23":{"start":{"line":34,"column":2},"end":{"line":34,"column":14}},"24":{"start":{"line":38,"column":14},"end":{"line":38,"column":58}},"25":{"start":{"line":39,"column":2},"end":{"line":39,"column":34}},"26":{"start":{"line":39,"column":21},"end":{"line":39,"column":34}},"27":{"start":{"line":40,"column":2},"end":{"line":40,"column":32}},"28":{"start":{"line":40,"column":20},"end":{"line":40,"column":32}},"29":{"start":{"line":41,"column":2},"end":{"line":43,"column":3}},"30":{"start":{"line":42,"column":4},"end":{"line":42,"column":36}},"31":{"start":{"line":44,"column":2},"end":{"line":44,"column":14}},"32":{"start":{"line":48,"column":2},"end":{"line":67,"column":4}},"33":{"start":{"line":71,"column":2},"end":{"line":99,"column":5}},"34":{"start":{"line":72,"column":4},"end":{"line":98,"column":5}},"35":{"start":{"line":73,"column":16},"end":{"line":73,"column":28}},"36":{"start":{"line":74,"column":19},"end":{"line":74,"column":55}},"37":{"start":{"line":75,"column":23},"end":{"line":75,"column":46}},"38":{"start":{"line":76,"column":21},"end":{"line":76,"column":43}},"39":{"start":{"line":77,"column":18},"end":{"line":91,"column":8}},"40":{"start":{"line":89,"column":8},"end":{"line":89,"column":33}},"41":{"start":{"line":90,"column":8},"end":{"line":90,"column":120}},"42":{"start":{"line":90,"column":28},"end":{"line":90,"column":118}},"43":{"start":{"line":92,"column":6},"end":{"line":92,"column":90}},"44":{"start":{"line":92,"column":32},"end":{"line":92,"column":86}},"45":{"start":{"line":92,"column":38},"end":{"line":92,"column":72}},"46":{"start":{"line":93,"column":6},"end":{"line":93,"column":52}},"47":{"start":{"line":93,"column":28},"end":{"line":93,"column":50}},"48":{"start":{"line":94,"column":6},"end":{"line":94,"column":22}},"49":{"start":{"line":95,"column":6},"end":{"line":95,"column":16}},"50":{"start":{"line":97,"column":6},"end":{"line":97,"column":29}},"51":{"start":{"line":104,"column":4},"end":{"line":104,"column":37}},"52":{"start":{"line":105,"column":4},"end":{"line":105,"column":166}},"53":{"start":{"line":106,"column":4},"end":{"line":106,"column":106}},"54":{"start":{"line":107,"column":4},"end":{"line":107,"column":117}},"55":{"start":{"line":108,"column":4},"end":{"line":108,"column":162}},"56":{"start":{"line":109,"column":4},"end":{"line":109,"column":144}},"57":{"start":{"line":110,"column":4},"end":{"line":110,"column":149}},"58":{"start":{"line":111,"column":4},"end":{"line":111,"column":55}},"59":{"start":{"line":112,"column":4},"end":{"line":112,"column":69}},"60":{"start":{"line":113,"column":4},"end":{"line":113,"column":146}},"61":{"start":{"line":114,"column":4},"end":{"line":114,"column":20}},"62":{"start":{"line":115,"column":4},"end":{"line":115,"column":25}},"63":{"start":{"line":117,"column":4},"end":{"line":124,"column":17}},"64":{"start":{"line":118,"column":6},"end":{"line":123,"column":7}},"65":{"start":{"line":119,"column":20},"end":{"line":119,"column":60}},"66":{"start":{"line":120,"column":8},"end":{"line":122,"column":11}},"67":{"start":{"line":121,"column":10},"end":{"line":121,"column":64}},"68":{"start":{"line":121,"column":16},"end":{"line":121,"column":50}},"69":{"start":{"line":126,"column":4},"end":{"line":130,"column":5}},"70":{"start":{"line":127,"column":6},"end":{"line":127,"column":93}},"71":{"start":{"line":127,"column":38},"end":{"line":127,"column":69}},"72":{"start":{"line":129,"column":6},"end":{"line":129,"column":64}},"73":{"start":{"line":129,"column":44},"end":{"line":129,"column":64}},"74":{"start":{"line":131,"column":4},"end":{"line":134,"column":5}},"75":{"start":{"line":133,"column":6},"end":{"line":133,"column":72}},"76":{"start":{"line":138,"column":4},"end":{"line":138,"column":30}},"77":{"start":{"line":138,"column":23},"end":{"line":138,"column":30}},"78":{"start":{"line":139,"column":20},"end":{"line":144,"column":5}},"79":{"start":{"line":145,"column":4},"end":{"line":148,"column":5}},"80":{"start":{"line":147,"column":6},"end":{"line":147,"column":51}},"81":{"start":{"line":150,"column":4},"end":{"line":150,"column":29}},"82":{"start":{"line":151,"column":4},"end":{"line":157,"column":5}},"83":{"start":{"line":152,"column":6},"end":{"line":156,"column":19}},"84":{"start":{"line":153,"column":20},"end":{"line":153,"column":60}},"85":{"start":{"line":154,"column":8},"end":{"line":154,"column":72}},"86":{"start":{"line":154,"column":33},"end":{"line":154,"column":72}},"87":{"start":{"line":155,"column":8},"end":{"line":155,"column":75}},"88":{"start":{"line":159,"column":4},"end":{"line":162,"column":5}},"89":{"start":{"line":161,"column":6},"end":{"line":161,"column":38}},"90":{"start":{"line":166,"column":4},"end":{"line":166,"column":46}},"91":{"start":{"line":166,"column":39},"end":{"line":166,"column":46}},"92":{"start":{"line":167,"column":4},"end":{"line":167,"column":40}},"93":{"start":{"line":167,"column":33},"end":{"line":167,"column":40}},"94":{"start":{"line":168,"column":4},"end":{"line":168,"column":24}},"95":{"start":{"line":169,"column":4},"end":{"line":190,"column":5}},"96":{"start":{"line":171,"column":21},"end":{"line":171,"column":56}},"97":{"start":{"line":172,"column":21},"end":{"line":172,"column":53}},"98":{"start":{"line":173,"column":21},"end":{"line":173,"column":23}},"99":{"start":{"line":174,"column":6},"end":{"line":177,"column":7}},"100":{"start":{"line":175,"column":20},"end":{"line":175,"column":53}},"101":{"start":{"line":176,"column":8},"end":{"line":176,"column":45}},"102":{"start":{"line":176,"column":29},"end":{"line":176,"column":45}},"103":{"start":{"line":179,"column":6},"end":{"line":179,"column":41}},"104":{"start":{"line":181,"column":6},"end":{"line":187,"column":7}},"105":{"start":{"line":182,"column":8},"end":{"line":186,"column":21}},"106":{"start":{"line":183,"column":22},"end":{"line":183,"column":62}},"107":{"start":{"line":184,"column":10},"end":{"line":184,"column":74}},"108":{"start":{"line":184,"column":35},"end":{"line":184,"column":74}},"109":{"start":{"line":185,"column":10},"end":{"line":185,"column":129}},"110":{"start":{"line":185,"column":64},"end":{"line":185,"column":81}},"111":{"start":{"line":189,"column":6},"end":{"line":189,"column":27}},"112":{"start":{"line":195,"column":4},"end":{"line":195,"column":28}},"113":{"start":{"line":200,"column":2},"end":{"line":205,"column":3}},"114":{"start":{"line":201,"column":14},"end":{"line":201,"column":59}},"115":{"start":{"line":202,"column":4},"end":{"line":202,"column":13}},"116":{"start":{"line":204,"column":4},"end":{"line":204,"column":36}},"117":{"start":{"line":208,"column":0},"end":{"line":208,"column":35}}},"fnMap":{"0":{"name":"readInstanceId","decl":{"start":{"line":9,"column":9},"end":{"line":9,"column":23}},"loc":{"start":{"line":9,"column":34},"end":{"line":27,"column":1}},"line":9},"1":{"name":"(anonymous_1)","decl":{"start":{"line":19,"column":69},"end":{"line":19,"column":70}},"loc":{"start":{"line":19,"column":74},"end":{"line":22,"column":3}},"line":19},"2":{"name":"parseBoolEnv","decl":{"start":{"line":29,"column":9},"end":{"line":29,"column":21}},"loc":{"start":{"line":29,"column":25},"end":{"line":35,"column":1}},"line":29},"3":{"name":"isEnabled","decl":{"start":{"line":37,"column":9},"end":{"line":37,"column":18}},"loc":{"start":{"line":37,"column":27},"end":{"line":45,"column":1}},"line":37},"4":{"name":"buildBasePayload","decl":{"start":{"line":47,"column":9},"end":{"line":47,"column":25}},"loc":{"start":{"line":47,"column":62},"end":{"line":68,"column":1}},"line":47},"5":{"name":"postJson","decl":{"start":{"line":70,"column":9},"end":{"line":70,"column":17}},"loc":{"start":{"line":70,"column":59},"end":{"line":100,"column":1}},"line":70},"6":{"name":"(anonymous_6)","decl":{"start":{"line":71,"column":21},"end":{"line":71,"column":22}},"loc":{"start":{"line":71,"column":34},"end":{"line":99,"column":3}},"line":71},"7":{"name":"(anonymous_7)","decl":{"start":{"line":87,"column":9},"end":{"line":87,"column":10}},"loc":{"start":{"line":87,"column":18},"end":{"line":91,"column":7}},"line":87},"8":{"name":"(anonymous_8)","decl":{"start":{"line":89,"column":23},"end":{"line":89,"column":24}},"loc":{"start":{"line":89,"column":29},"end":{"line":89,"column":31}},"line":89},"9":{"name":"(anonymous_9)","decl":{"start":{"line":90,"column":22},"end":{"line":90,"column":23}},"loc":{"start":{"line":90,"column":28},"end":{"line":90,"column":118}},"line":90},"10":{"name":"(anonymous_10)","decl":{"start":{"line":92,"column":24},"end":{"line":92,"column":25}},"loc":{"start":{"line":92,"column":30},"end":{"line":92,"column":88}},"line":92},"11":{"name":"(anonymous_11)","decl":{"start":{"line":93,"column":22},"end":{"line":93,"column":23}},"loc":{"start":{"line":93,"column":28},"end":{"line":93,"column":50}},"line":93},"12":{"name":"(anonymous_12)","decl":{"start":{"line":103,"column":2},"end":{"line":103,"column":3}},"loc":{"start":{"line":103,"column":46},"end":{"line":135,"column":3}},"line":103},"13":{"name":"(anonymous_13)","decl":{"start":{"line":120,"column":51},"end":{"line":120,"column":52}},"loc":{"start":{"line":120,"column":59},"end":{"line":122,"column":9}},"line":120},"14":{"name":"(anonymous_14)","decl":{"start":{"line":127,"column":32},"end":{"line":127,"column":33}},"loc":{"start":{"line":127,"column":38},"end":{"line":127,"column":69}},"line":127},"15":{"name":"(anonymous_15)","decl":{"start":{"line":127,"column":62},"end":{"line":127,"column":63}},"loc":{"start":{"line":127,"column":66},"end":{"line":127,"column":68}},"line":127},"16":{"name":"(anonymous_16)","decl":{"start":{"line":137,"column":2},"end":{"line":137,"column":3}},"loc":{"start":{"line":137,"column":38},"end":{"line":163,"column":3}},"line":137},"17":{"name":"(anonymous_17)","decl":{"start":{"line":161,"column":30},"end":{"line":161,"column":31}},"loc":{"start":{"line":161,"column":34},"end":{"line":161,"column":36}},"line":161},"18":{"name":"(anonymous_18)","decl":{"start":{"line":165,"column":2},"end":{"line":165,"column":3}},"loc":{"start":{"line":165,"column":21},"end":{"line":191,"column":3}},"line":165},"19":{"name":"(anonymous_19)","decl":{"start":{"line":185,"column":59},"end":{"line":185,"column":60}},"loc":{"start":{"line":185,"column":64},"end":{"line":185,"column":81}},"line":185},"20":{"name":"(anonymous_20)","decl":{"start":{"line":194,"column":2},"end":{"line":194,"column":3}},"loc":{"start":{"line":194,"column":19},"end":{"line":196,"column":3}},"line":194},"21":{"name":"initTelemetry","decl":{"start":{"line":199,"column":9},"end":{"line":199,"column":22}},"loc":{"start":{"line":199,"column":55},"end":{"line":206,"column":1}},"line":199},"22":{"name":"(anonymous_22)","decl":{"start":{"line":204,"column":19},"end":{"line":204,"column":20}},"loc":{"start":{"line":204,"column":31},"end":{"line":204,"column":33}},"line":204}},"branchMap":{"0":{"loc":{"start":{"line":11,"column":4},"end":{"line":16,"column":5}},"type":"if","locations":[{"start":{"line":11,"column":4},"end":{"line":16,"column":5}},{"start":{},"end":{}}],"line":11},"1":{"loc":{"start":{"line":13,"column":6},"end":{"line":15,"column":7}},"type":"if","locations":[{"start":{"line":13,"column":6},"end":{"line":15,"column":7}},{"start":{},"end":{}}],"line":13},"2":{"loc":{"start":{"line":13,"column":10},"end":{"line":13,"column":83}},"type":"binary-expr","locations":[{"start":{"line":13,"column":10},"end":{"line":13,"column":14}},{"start":{"line":13,"column":18},"end":{"line":13,"column":53}},{"start":{"line":13,"column":57},"end":{"line":13,"column":83}}],"line":13},"3":{"loc":{"start":{"line":20,"column":38},"end":{"line":20,"column":65}},"type":"cond-expr","locations":[{"start":{"line":20,"column":50},"end":{"line":20,"column":51}},{"start":{"line":20,"column":55},"end":{"line":20,"column":64}}],"line":20},"4":{"loc":{"start":{"line":30,"column":2},"end":{"line":30,"column":29}},"type":"if","locations":[{"start":{"line":30,"column":2},"end":{"line":30,"column":29}},{"start":{},"end":{}}],"line":30},"5":{"loc":{"start":{"line":32,"column":2},"end":{"line":32,"column":68}},"type":"if","locations":[{"start":{"line":32,"column":2},"end":{"line":32,"column":68}},{"start":{},"end":{}}],"line":32},"6":{"loc":{"start":{"line":33,"column":2},"end":{"line":33,"column":65}},"type":"if","locations":[{"start":{"line":33,"column":2},"end":{"line":33,"column":65}},{"start":{},"end":{}}],"line":33},"7":{"loc":{"start":{"line":39,"column":2},"end":{"line":39,"column":34}},"type":"if","locations":[{"start":{"line":39,"column":2},"end":{"line":39,"column":34}},{"start":{},"end":{}}],"line":39},"8":{"loc":{"start":{"line":40,"column":2},"end":{"line":40,"column":32}},"type":"if","locations":[{"start":{"line":40,"column":2},"end":{"line":40,"column":32}},{"start":{},"end":{}}],"line":40},"9":{"loc":{"start":{"line":41,"column":2},"end":{"line":43,"column":3}},"type":"if","locations":[{"start":{"line":41,"column":2},"end":{"line":43,"column":3}},{"start":{},"end":{}}],"line":41},"10":{"loc":{"start":{"line":41,"column":6},"end":{"line":41,"column":81}},"type":"binary-expr","locations":[{"start":{"line":41,"column":6},"end":{"line":41,"column":12}},{"start":{"line":41,"column":16},"end":{"line":41,"column":32}},{"start":{"line":41,"column":36},"end":{"line":41,"column":81}}],"line":41},"11":{"loc":{"start":{"line":52,"column":15},"end":{"line":52,"column":48}},"type":"binary-expr","locations":[{"start":{"line":52,"column":15},"end":{"line":52,"column":20}},{"start":{"line":52,"column":24},"end":{"line":52,"column":37}},{"start":{"line":52,"column":41},"end":{"line":52,"column":48}}],"line":52},"12":{"loc":{"start":{"line":55,"column":12},"end":{"line":55,"column":53}},"type":"binary-expr","locations":[{"start":{"line":55,"column":12},"end":{"line":55,"column":28}},{"start":{"line":55,"column":32},"end":{"line":55,"column":53}}],"line":55},"13":{"loc":{"start":{"line":60,"column":18},"end":{"line":60,"column":46}},"type":"binary-expr","locations":[{"start":{"line":60,"column":18},"end":{"line":60,"column":24}},{"start":{"line":60,"column":28},"end":{"line":60,"column":46}}],"line":60},"14":{"loc":{"start":{"line":61,"column":18},"end":{"line":61,"column":68}},"type":"binary-expr","locations":[{"start":{"line":61,"column":18},"end":{"line":61,"column":24}},{"start":{"line":61,"column":28},"end":{"line":61,"column":42}},{"start":{"line":61,"column":46},"end":{"line":61,"column":68}}],"line":61},"15":{"loc":{"start":{"line":62,"column":20},"end":{"line":62,"column":74}},"type":"binary-expr","locations":[{"start":{"line":62,"column":20},"end":{"line":62,"column":26}},{"start":{"line":62,"column":30},"end":{"line":62,"column":46}},{"start":{"line":62,"column":50},"end":{"line":62,"column":74}}],"line":62},"16":{"loc":{"start":{"line":64,"column":17},"end":{"line":64,"column":80}},"type":"binary-expr","locations":[{"start":{"line":64,"column":17},"end":{"line":64,"column":67}},{"start":{"line":64,"column":71},"end":{"line":64,"column":80}}],"line":64},"17":{"loc":{"start":{"line":64,"column":24},"end":{"line":64,"column":52}},"type":"binary-expr","locations":[{"start":{"line":64,"column":24},"end":{"line":64,"column":46}},{"start":{"line":64,"column":50},"end":{"line":64,"column":52}}],"line":64},"18":{"loc":{"start":{"line":70,"column":32},"end":{"line":70,"column":57}},"type":"default-arg","locations":[{"start":{"line":70,"column":55},"end":{"line":70,"column":57}}],"line":70},"19":{"loc":{"start":{"line":70,"column":34},"end":{"line":70,"column":50}},"type":"default-arg","locations":[{"start":{"line":70,"column":46},"end":{"line":70,"column":50}}],"line":70},"20":{"loc":{"start":{"line":76,"column":21},"end":{"line":76,"column":43}},"type":"cond-expr","locations":[{"start":{"line":76,"column":31},"end":{"line":76,"column":36}},{"start":{"line":76,"column":39},"end":{"line":76,"column":43}}],"line":76},"21":{"loc":{"start":{"line":79,"column":14},"end":{"line":79,"column":44}},"type":"binary-expr","locations":[{"start":{"line":79,"column":14},"end":{"line":79,"column":20}},{"start":{"line":79,"column":25},"end":{"line":79,"column":43}}],"line":79},"22":{"loc":{"start":{"line":79,"column":25},"end":{"line":79,"column":43}},"type":"cond-expr","locations":[{"start":{"line":79,"column":35},"end":{"line":79,"column":38}},{"start":{"line":79,"column":41},"end":{"line":79,"column":43}}],"line":79},"23":{"loc":{"start":{"line":80,"column":28},"end":{"line":80,"column":42}},"type":"binary-expr","locations":[{"start":{"line":80,"column":28},"end":{"line":80,"column":36}},{"start":{"line":80,"column":40},"end":{"line":80,"column":42}}],"line":80},"24":{"loc":{"start":{"line":90,"column":42},"end":{"line":90,"column":87}},"type":"binary-expr","locations":[{"start":{"line":90,"column":42},"end":{"line":90,"column":63}},{"start":{"line":90,"column":67},"end":{"line":90,"column":87}}],"line":90},"25":{"loc":{"start":{"line":105,"column":20},"end":{"line":105,"column":165}},"type":"binary-expr","locations":[{"start":{"line":105,"column":21},"end":{"line":105,"column":27}},{"start":{"line":105,"column":31},"end":{"line":105,"column":47}},{"start":{"line":105,"column":51},"end":{"line":105,"column":76}},{"start":{"line":105,"column":81},"end":{"line":105,"column":120}},{"start":{"line":105,"column":124},"end":{"line":105,"column":165}}],"line":105},"26":{"loc":{"start":{"line":106,"column":23},"end":{"line":106,"column":105}},"type":"binary-expr","locations":[{"start":{"line":106,"column":24},"end":{"line":106,"column":30}},{"start":{"line":106,"column":34},"end":{"line":106,"column":50}},{"start":{"line":106,"column":54},"end":{"line":106,"column":82}},{"start":{"line":106,"column":87},"end":{"line":106,"column":105}}],"line":106},"27":{"loc":{"start":{"line":107,"column":22},"end":{"line":107,"column":116}},"type":"binary-expr","locations":[{"start":{"line":107,"column":23},"end":{"line":107,"column":29}},{"start":{"line":107,"column":33},"end":{"line":107,"column":49}},{"start":{"line":107,"column":53},"end":{"line":107,"column":80}},{"start":{"line":107,"column":85},"end":{"line":107,"column":116}}],"line":107},"28":{"loc":{"start":{"line":108,"column":28},"end":{"line":108,"column":160}},"type":"binary-expr","locations":[{"start":{"line":108,"column":29},"end":{"line":108,"column":35}},{"start":{"line":108,"column":39},"end":{"line":108,"column":55}},{"start":{"line":108,"column":59},"end":{"line":108,"column":99}},{"start":{"line":108,"column":104},"end":{"line":108,"column":151}},{"start":{"line":108,"column":155},"end":{"line":108,"column":160}}],
[...]
lumn":25},"end":{"line":10,"column":50}},"type":"binary-expr","locations":[{"start":{"line":10,"column":25},"end":{"line":10,"column":43}},{"start":{"line":10,"column":47},"end":{"line":10,"column":50}}],"line":10},"2":{"loc":{"start":{"line":11,"column":26},"end":{"line":11,"column":53}},"type":"binary-expr","locations":[{"start":{"line":11,"column":26},"end":{"line":11,"column":45}},{"start":{"line":11,"column":49},"end":{"line":11,"column":53}}],"line":11},"3":{"loc":{"start":{"line":18,"column":12},"end":{"line":18,"column":24}},"type":"default-arg","locations":[{"start":{"line":18,"column":22},"end":{"line":18,"column":24}}],"line":18},"4":{"loc":{"start":{"line":26,"column":4},"end":{"line":26,"column":29}},"type":"if","locations":[{"start":{"line":26,"column":4},"end":{"line":26,"column":29}},{"start":{},"end":{}}],"line":26},"5":{"loc":{"start":{"line":31,"column":6},"end":{"line":31,"column":60}},"type":"if","locations":[{"start":{"line":31,"column":6},"end":{"line":31,"column":60}},{"start":{},"end":{}}],"line":31},"6":{"loc":{"start":{"line":36,"column":8},"end":{"line":49,"column":9}},"type":"if","locations":[{"start":{"line":36,"column":8},"end":{"line":49,"column":9}},{"start":{"line":40,"column":15},"end":{"line":49,"column":9}}],"line":36},"7":{"loc":{"start":{"line":40,"column":15},"end":{"line":49,"column":9}},"type":"if","locations":[{"start":{"line":40,"column":15},"end":{"line":49,"column":9}},{"start":{"line":47,"column":15},"end":{"line":49,"column":9}}],"line":40},"8":{"loc":{"start":{"line":59,"column":2},"end":{"line":59,"column":24}},"type":"if","locations":[{"start":{"line":59,"column":2},"end":{"line":59,"column":24}},{"start":{},"end":{}}],"line":59},"9":{"loc":{"start":{"line":60,"column":21},"end":{"line":60,"column":39}},"type":"binary-expr","locations":[{"start":{"line":60,"column":21},"end":{"line":60,"column":32}},{"start":{"line":60,"column":36},"end":{"line":60,"column":39}}],"line":60},"10":{"loc":{"start":{"line":61,"column":2},"end":{"line":61,"column":126}},"type":"if","locations":[{"start":{"line":61,"column":2},"end":{"line":61,"column":126}},{"start":{},"end":{}}],"line":61},"11":{"loc":{"start":{"line":62,"column":2},"end":{"line":62,"column":133}},"type":"if","locations":[{"start":{"line":62,"column":2},"end":{"line":62,"column":133}},{"start":{},"end":{}}],"line":62},"12":{"loc":{"start":{"line":63,"column":2},"end":{"line":63,"column":88}},"type":"if","locations":[{"start":{"line":63,"column":2},"end":{"line":63,"column":88}},{"start":{},"end":{}}],"line":63}},"s":{"0":1,"1":1,"2":1,"3":1,"4":1,"5":1,"6":2,"7":2,"8":2,"9":2,"10":0,"11":2,"12":2,"13":2,"14":2,"15":2,"16":1,"17":1,"18":2,"19":2,"20":2,"21":2,"22":2,"23":2,"24":0,"25":0,"26":0,"27":0,"28":0,"29":0,"30":0,"31":2,"32":4,"33":0,"34":4,"35":4,"36":1,"37":3,"38":1,"39":2,"40":1,"41":1,"42":1},"f":{"0":1,"1":2,"2":2,"3":2,"4":1,"5":2,"6":4},"b":{"0":[0],"1":[1,0],"2":[1,0],"3":[2],"4":[0,2],"5":[1,1],"6":[2,0],"7":[0,0],"8":[0,4],"9":[4,0],"10":[1,3],"11":[1,2],"12":[1,1]},"_coverageSchema":"1a1c01bbd47fc00a2c39e90264f33305004495a9","hash":"2f179537fba8a56ec052b66f8b597c3917f6214f"}
,"C:\\Users\\smore\\OneDrive\\Apps\\Dishorde-CDRZ\\Dishorde\\lib\\trendsHarness.js": {"path":"C:\\Users\\smore\\OneDrive\\Apps\\Dishorde-CDRZ\\Dishorde\\lib\\trendsHarness.js","statementMap":{"0":{"start":{"line":1,"column":27},"end":{"line":1,"column":46}},"1":{"start":{"line":2,"column":33},"end":{"line":2,"column":52}},"2":{"start":{"line":7,"column":14},"end":{"line":7,"column":43}},"3":{"start":{"line":8,"column":2},"end":{"line":13,"column":3}},"4":{"start":{"line":9,"column":4},"end":{"line":12,"column":6}},"5":{"start":{"line":14,"column":2},"end":{"line":17,"column":4}},"6":{"start":{"line":20,"column":0},"end":{"line":20,"column":40}}},"fnMap":{"0":{"name":"buildTrendsPayload","decl":{"start":{"line":6,"column":15},"end":{"line":6,"column":33}},"loc":{"start":{"line":6,"column":55},"end":{"line":18,"column":1}},"line":6}},"branchMap":{"0":{"loc":{"start":{"line":8,"column":2},"end":{"line":13,"column":3}},"type":"if","locations":[{"start":{"line":8,"column":2},"end":{"line":13,"column":3}},{"start":{},"end":{}}],"line":8}},"s":{"0":1,"1":1,"2":1,"3":1,"4":0,"5":1,"6":1},"f":{"0":1},"b":{"0":[0,1]},"_coverageSchema":"1a1c01bbd47fc00a2c39e90264f33305004495a9","hash":"8d0667f693b2e95c7f74032211e2e7d6bc73bb6c"}
,"C:\\Users\\smore\\OneDrive\\Apps\\Dishorde-CDRZ\\Dishorde\\lib\\updates.js": {"path":"C:\\Users\\smore\\OneDrive\\Apps\\Dishorde-CDRZ\\Dishorde\\lib\\updates.js","statementMap":{"0":{"start":{"line":1,"column":14},"end":{"line":1,"column":30}},"1":{"start":{"line":2,"column":11},"end":{"line":2,"column":24}},"2":{"start":{"line":3,"column":13},"end":{"line":3,"column":28}},"3":{"start":{"line":5,"column":0},"end":{"line":5,"column":71}},"4":{"start":{"line":5,"column":6},"end":{"line":5,"column":41}},"5":{"start":{"line":5,"column":55},"end":{"line":5,"column":69}},"6":{"start":{"line":8,"column":2},"end":{"line":18,"column":5}},"7":{"start":{"line":9,"column":16},"end":{"line":15,"column":6}},"8":{"start":{"line":10,"column":17},"end":{"line":10,"column":19}},"9":{"start":{"line":11,"column":6},"end":{"line":11,"column":45}},"10":{"start":{"line":11,"column":30},"end":{"line":11,"column":43}},"11":{"start":{"line":12,"column":6},"end":{"line":14,"column":9}},"12":{"start":{"line":13,"column":8},"end":{"line":13,"column":75}},"13":{"start":{"line":13,"column":14},"end":{"line":13,"column":48}},"14":{"start":{"line":13,"column":63},"end":{"line":13,"column":73}},"15":{"start":{"line":16,"column":4},"end":{"line":16,"column":28}},"16":{"start":{"line":17,"column":4},"end":{"line":17,"column":14}},"17":{"start":{"line":23,"column":4},"end":{"line":23,"column":33}},"18":{"start":{"line":24,"column":4},"end":{"line":24,"column":29}},"19":{"start":{"line":25,"column":4},"end":{"line":25,"column":41}},"20":{"start":{"line":26,"column":4},"end":{"line":26,"column":61}},"21":{"start":{"line":27,"column":4},"end":{"line":27,"column":22}},"22":{"start":{"line":28,"column":4},"end":{"line":28,"column":34}},"23":{"start":{"line":32,"column":4},"end":{"line":36,"column":18}},"24":{"start":{"line":33,"column":6},"end":{"line":35,"column":7}},"25":{"start":{"line":34,"column":8},"end":{"line":34,"column":75}},"26":{"start":{"line":37,"column":4},"end":{"line":37,"column":59}},"27":{"start":{"line":41,"column":4},"end":{"line":41,"column":105}},"28":{"start":{"line":41,"column":10},"end":{"line":41,"column":90}},"29":{"start":{"line":45,"column":17},"end":{"line":49,"column":5}},"30":{"start":{"line":50,"column":4},"end":{"line":54,"column":5}},"31":{"start":{"line":51,"column":22},"end":{"line":51,"column":101}},"32":{"start":{"line":52,"column":19},"end":{"line":52,"column":45}},"33":{"start":{"line":53,"column":6},"end":{"line":53,"column":41}},"34":{"start":{"line":56,"column":20},"end":{"line":56,"column":92}},"35":{"start":{"line":57,"column":17},"end":{"line":57,"column":43}},"36":{"start":{"line":58,"column":17},"end":{"line":58,"column":84}},"37":{"start":{"line":58,"column":54},"end":{"line":58,"column":76}},"38":{"start":{"line":59,"column":4},"end":{"line":59,"column":45}},"39":{"start":{"line":63,"column":4},"end":{"line":63,"column":45}},"40":{"start":{"line":63,"column":33},"end":{"line":63,"column":45}},"41":{"start":{"line":64,"column":20},"end":{"line":64,"column":60}},"42":{"start":{"line":65,"column":4},"end":{"line":71,"column":6}},"43":{"start":{"line":75,"column":4},"end":{"line":75,"column":37}},"44":{"start":{"line":75,"column":24},"end":{"line":75,"column":37}},"45":{"start":{"line":76,"column":4},"end":{"line":76,"column":62}},"46":{"start":{"line":76,"column":17},"end":{"line":76,"column":62}},"47":{"start":{"line":77,"column":4},"end":{"line":77,"column":61}},"48":{"start":{"line":81,"column":23},"end":{"line":81,"column":66}},"49":{"start":{"line":82,"column":17},"end":{"line":98,"column":5}},"50":{"start":{"line":83,"column":6},"end":{"line":97,"column":7}},"51":{"start":{"line":84,"column":21},"end":{"line":84,"column":66}},"52":{"start":{"line":85,"column":8},"end":{"line":85,"column":46}},"53":{"start":{"line":86,"column":8},"end":{"line":92,"column":9}},"54":{"start":{"line":87,"column":10},"end":{"line":91,"column":11}},"55":{"start":{"line":88,"column":12},"end":{"line":88,"column":58}},"56":{"start":{"line":89,"column":12},"end":{"line":89,"column":29}},"57":{"start":{"line":90,"column":12},"end":{"line":90,"column":71}},"58":{"start":{"line":90,"column":52},"end":{"line":90,"column":71}},"59":{"start":{"line":93,"column":8},"end":{"line":93,"column":25}},"60":{"start":{"line":96,"column":8},"end":{"line":96,"column":50}},"61":{"start":{"line":99,"column":4},"end":{"line":99,"column":58}},"62":{"start":{"line":99,"column":21},"end":{"line":99,"column":58}},"63":{"start":{"line":102,"column":11},"end":{"line":102,"column":52}},"64":{"start":{"line":102,"column":27},"end":{"line":102,"column":52}},"65":{"start":{"line":102,"column":53},"end":{"line":102,"column":71}},"66":{"start":{"line":106,"column":16},"end":{"line":106,"column":71}},"67":{"start":{"line":107,"column":4},"end":{"line":115,"column":5}},"68":{"start":{"line":108,"column":6},"end":{"line":114,"column":19}},"69":{"start":{"line":117,"column":4},"end":{"line":123,"column":17}},"70":{"start":{"line":127,"column":0},"end":{"line":127,"column":32}}},"fnMap":{"0":{"name":"httpGetJson","decl":{"start":{"line":7,"column":9},"end":{"line":7,"column":20}},"loc":{"start":{"line":7,"column":30},"end":{"line":19,"column":1}},"line":7},"1":{"name":"(anonymous_1)","decl":{"start":{"line":8,"column":21},"end":{"line":8,"column":22}},"loc":{"start":{"line":8,"column":42},"end":{"line":18,"column":3}},"line":8},"2":{"name":"(anonymous_2)","decl":{"start":{"line":9,"column":39},"end":{"line":9,"column":40}},"loc":{"start":{"line":9,"column":46},"end":{"line":15,"column":5}},"line":9},"3":{"name":"(anonymous_3)","decl":{"start":{"line":11,"column":21},"end":{"line":11,"column":22}},"loc":{"start":{"line":11,"column":30},"end":{"line":11,"column":43}},"line":11},"4":{"name":"(anonymous_4)","decl":{"start":{"line":12,"column":20},"end":{"line":12,"column":21}},"loc":{"start":{"line":12,"column":26},"end":{"line":14,"column":7}},"line":12},"5":{"name":"(anonymous_5)","decl":{"start":{"line":22,"column":2},"end":{"line":22,"column":3}},"loc":{"start":{"line":22,"column":74},"end":{"line":29,"column":3}},"line":22},"6":{"name":"(anonymous_6)","decl":{"start":{"line":31,"column":2},"end":{"line":31,"column":3}},"loc":{"start":{"line":31,"column":14},"end":{"line":38,"column":3}},"line":31},"7":{"name":"(anonymous_7)","decl":{"start":{"line":40,"column":2},"end":{"line":40,"column":3}},"loc":{"start":{"line":40,"column":14},"end":{"line":42,"column":3}},"line":40},"8":{"name":"(anonymous_8)","decl":{"start":{"line":44,"column":2},"end":{"line":44,"column":3}},"loc":{"start":{"line":44,"column":56},"end":{"line":60,"column":3}},"line":44},"9":{"name":"(anonymous_9)","decl":{"start":{"line":58,"column":49},"end":{"line":58,"column":50}},"loc":{"start":{"line":58,"column":54},"end":{"line":58,"column":76}},"line":58},"10":{"name":"(anonymous_10)","decl":{"start":{"line":62,"column":2},"end":{"line":62,"column":3}},"loc":{"start":{"line":62,"column":25},"end":{"line":72,"column":3}},"line":62},"11":{"name":"(anonymous_11)","decl":{"start":{"line":74,"column":2},"end":{"line":74,"column":3}},"loc":{"start":{"line":74,"column":25},"end":{"line":78,"column":3}},"line":74},"12":{"name":"(anonymous_12)","decl":{"start":{"line":80,"column":2},"end":{"line":80,"column":3}},"loc":{"start":{"line":80,"column":86},"end":{"line":100,"column":3}},"line":80},"13":{"name":"(anonymous_13)","decl":{"start":{"line":82,"column":17},"end":{"line":82,"column":18}},"loc":{"start":{"line":82,"column":29},"end":{"line":98,"column":5}},"line":82},"14":{"name":"(anonymous_14)","decl":{"start":{"line":102,"column":2},"end":{"line":102,"column":3}},"loc":{"start":{"line":102,"column":9},"end":{"line":102,"column":73}},"line":102},"15":{"name":"(anonymous_15)","decl":{"start":{"line":104,"column":2},"end":{"line":104,"column":3}},"loc":{"start":{"line":104,"column":46},"end":{"line":124,"column":3}},"line":104}},"branchMap":{"0":{"loc":{"start":{"line":13,"column":33},"end":{"line":13,"column":45}},"type":"binary-expr","locations":[{"start":{"line":13,"column":33},"end":{"line":13,"column":37}},{"start":{"line":13,"column":41},"end":{"line":13,"column":45}}],"line":13},"1":{"loc":{"start":{"line":22,"column":54},"end":{"line":22,"column":70}},"type":"default-arg","locations":[{"start":{"line":22,"column":67},"end":{"line":22,"column":70}}],"line":22},"2":{"loc":{"start":{"line":33,"column":6},"end":{"line":35,"column":7}},"type":"if","locations":[{"start":{"line":33,"column":6},"end":{"line":35,"column":7}},{"start":{},"end":{}}],"line":33},"3":{"loc":{"start":{"line":34,"column":15},"end":{"line":34,"column":74}},"type":"binary-expr","locations":[{"start":{"line":34,"column":15},"end":{"line":34,"column":68}},{"start":{"line":34,"column":72},"end":{"line":34,"column":74}}],"line":34},"4":{"loc":{"start":{"line":44,"column":20},"end":{"line":44,"column":54}},"type":"default-arg","locations":[{"start":{"line":44,"column":52},"end":{"line":44,"column":54}}],"line":44},"5":{"loc":{"start":{"line":44,"column":22},"end":{"line":44,"column":47}},"type":"default-arg","locations":[{"start":{"line":44,"column":42},"end":{"line":44,"column":47}}],"line":44},"6":{"loc":{"start":{"line":50,"column":4},"end":{"line":54,"column":5}},"type":"if","locations":[{"start":{"line":50,"column":4},"end":{"line":54,"column":5}},{"start":{},"end":{}}],"line":50},"7":{"loc":{"start":{"line":58,"column":17},"end":{"line":58,"column":84}},"type":"cond-expr","locations":[{"start":{"line":58,"column":39},"end":{"line":58,"column":77}},{"start":{"line":58,"column":80},"end":{"line":58,"column":84}}],"line":58},"8":{"loc":{"start":{"line":58,"column":54},"end":{"line":58,"column":76}},"type":"binary-expr","locations":[{"start":{"line":58,"column":54},"end":{"line":58,"column":55}},{"start":{"line":58,"column":59},"end":{"line":58,"column":76}}],"line":58},"9":{"loc":{"start":{"line":59,"column":33},"end":{"line":59,"column":43}},"type":"binary-expr","locations":[{"start":{"line":59,"column":33},"end":{"line":59,"column":37}},{"start":{"line":59,"column":41},"end":{"line":59,"column":43}}],"line":59},"10":{"loc":{"start":{"line":63,"column":4},"end":{"line":63,"column":45}},"type":"if","locations":[{"start":{"line":63,"column":4},"end":{"line":63,"column":45}},{"start":{},"end":{}}],"line":63},"11":{"loc":{"start":{"line":63,"column":8},"end":{"line":63,"column":31}},"type":"binary-expr","locations":[{"start":{"line":63,"column":8},"end":{"line":63,"column":13}},{"start":{"line":63,"column":17},"end":{"line":63,"column":31}}],"line":63},"12":{"loc":{"start":{"line":68,"column":12},"end":{"line":68,"column":38}},"type":"binary-expr","locations":[{"start":{"line":68,"column":12},"end":{"line":68,"column":21}},{"start":{"line":68,"column":25},"end":{"line":68,"column":38}}],"line":68},"13":{"loc":{"start":{"line":69,"column":11},"end":{"line":69,"column":114}},"type":"binary-expr","locations":[{"start":{"line":69,"column":11},"end":{"line":69,"column":24}},{"start":{"line":69,"column":28},"end":{"line":69,"column":114}}],"line":69},"14":{"loc":{"start":{"line":70,"column":12},"end":{"line":70,"column":27}},"type":"binary-expr","locations":[{"start":{"line":70,"column":12},"end":{"line":70,"column":21}},{"start":{"line":70,"column":25},"end":{"line":70,"column":27}}],"line":70},"15":{"loc":{"start":{"line":75,"column":4},"end":{"line":75,"column":37}},"type":"if","locations":[{"start":{"line":75,"column":4},"end":{"line":75,"column":37}},{"start":{},"end":{}}],"line":75},"16":{"loc":{"start":{"line":76,"column":4},"end":{"line":76,"column":62}},"type":"if","locations":[{"start":{"line":76,"column":4},"end":{"line":76,"column":62}},{"start":{},"end":{}}],"line":76},"17":{"loc":{"start":{"line":80,"column":16},"end":{"line":80,"column":70}},"type":"default-arg","locations":[{"start":{"line":80,"column":68},"end":{"line":80,"column":70}}],"line":80},"18":{"loc":{"start":{"line":80,"column":18},"end":{"line":80,"column":36}},"type":"default-arg","locations":[{"start":{"line":80,"column":34},"end":{"line":80,"column":36}}],"line":80},"19":{"loc":{"start":{"line":80,"column":38},"end":{"line":80,"column":63}},"type":"default-arg","locations":[{"start":{"line":80,"column":58},"end":{"line":80,"column":63}}],"line":80},"20":{"loc":{"start":{"line":86,"column":8},"end":{"line":92,"column":9}},"type":"if","locations":[{"start":{"line":86,"column":8},"end":{"line":92,"column":9}},{"start":{},"end":{}}],"line":86},"21":{"loc":{"start":{"line":86,"column":12},"end":{"line":86,"column":46}},"type":"binary-expr","locations":[{"start":{"line":86,"column":12},"end":{"line":86,"column":16}},{"start":{"line":86,"column":20},"end":{"line":86,"column":46}}],"line":86},"22":{"loc":{"start":{"line":87,"column":10},"end":{"line":91,"column":11}},"type":"if","locations":[{"start":{"line":87,"column":10},"end":{"line":91,"column":11}},{"start":{},"end":{}}],"line":87},"23":{"loc":{"start":{"line":90,"column":12},"end":{"line":90,"column":71}},"type":"if","locations":[{"start":{"line":90,"column":12},"end":{"line":90,"column":71}},{"start":{},"end":{}}],"line":90},"24":{"loc":{"start":{"line":99,"column":4},"end":{"line":99,"column":58}},"type":"if","locations":[{"start":{"line":99,"column":4},"end":{"line":99,"column":58}},{"start":{},"end":{}}],"line":99},"25":{"loc":{"start":{"line":102,"column":11},"end":{"line":102,"column":52}},"type":"if","locations":[{"start":{"line":102,"column":11},"end":{"line":102,"column":52}},{"start":{},"end":{}}],"line":102},"26":{"loc":{"start":{"line":104,"column":11},"end":{"line":104,"column":25}},"type":"default-arg","locations":[{"start":{"line":104,"column":16},"end":{"line":104,"column":25}}],"line":104},"27":{"loc":{"start":{"line":104,"column":27},"end":{"line":104,"column":44}},"type":"default-arg","locations":[{"start":{"line":104,"column":40},"end":{"line":104,"column":44}}],"line":104},"28":{"loc":{"start":{"line":106,"column":16},"end":{"line":106,"column":71}},"type":"binary-expr","locations":[{"start":{"line":106,"column":16},"end":{"line":106,"column":26}},{"start":{"line":106,"column":31},"end":{"line":106,"column":70}}],"line":106},"29":{"loc":{"start":{"line":106,"column":38},"end":{"line":106,"column":69}},"type":"binary-expr","locations":[{"start":{"line":106,"column":38},"end":{"line":106,"column":57}},{"start":{"line":106,"column":61},"end":{"line":106,"column":69}}],"line":106},"30":{"loc":{"start":{"line":107,"column":4},"end":{"line":115,"column":5}},"type":"if","locations":[{"start":{"line":107,"column":4},"end":{"line":115,"column":5}},{"start":{},"end":{}}],"line":107}},"s":{"0":1,"1":1,"2":1,"3":1,"4":1,"5":0,"6":1,"7":1,"8":1,"9":1,"10":1,"11":1,"12":1,"13":1,"14":0,"15":1,"16":1,"17":2,"18":2,"19":2,"20":2,"21":2,"22":2,"23":2,"24":2,"25":1,"26":1,"27":0,"28":0,"29":1,"30":1,"31":1,"32":1,"33":1,"34":0,"35":0,"36":0,"37":0,"38":0,"39":1,"40":0,"41":1,"42":1,"43":1,"44":0,"45":1,"46":0,"47":1,"48":0,"49":0,"50":0,"51":0,"52":0,"53":0,"54":0,"55":0,"56":0,"57":0,"58":0,"59":0,"60":0,"61":0,"62":0,"63":0,"64":0,"65":0,"66":2,"67":2,"68":1,"69":1,"70":1},"f":{"0":1,"1":1,"2":1,"3":1,"4":1,"5":2,"6":2,"7":0,"8":1,"9":0,"10":1,"11":1,"12":0,"13":0,"14":0,"15":2},"b":{"0":[1,0],"1":[1],"2":[1,1],"3":[1,0],"4":[1],"5":[1],"6":[1,0],"7":[0,0],"8":[0,0],"9":[0,0],"10":[0,1],"11":[1,1],"12":[1,0],"13":[1,0],"14":[1,0],"15":[0,1],"16":[0,1],"17":[0],"18":[0],"19":[0],"20":[0,0],"21":[0,0],"22":[0,0],"23":[0,0],"24":[0,0],"25":[0,0],"26":[0],"27":[2],"28":[2,2],"29":[2,0],"30":[1,1]},"_coverageSchema":"1a1c01bbd47fc00a2c39e90264f33305004495a9","hash":"dd14db4713aa8b86f9011ff648f5ca030799a2e1"}
}
