{"total": {"lines":{"total":418,"covered":356,"skipped":0,"pct":85.16},"statements":{"total":519,"covered":415,"skipped":0,"pct":79.96},"functions":{"total":100,"covered":80,"skipped":0,"pct":80},"branches":{"total":428,"covered":270,"skipped":0,"pct":63.08},"branchesTrue":{"total":0,"covered":0,"skipped":0,"pct":"Unknown"}}
,"C:\\Users\\smore\\OneDrive\\Apps\\Dishorde-CDRZ\\Dishorde\\lib\\analyticsUtils.js": {"lines":{"total":16,"covered":16,"skipped":0,"pct":100},"functions":{"total":7,"covered":7,"skipped":0,"pct":100},"statements":{"total":26,"covered":23,"skipped":0,"pct":88.46},"branches":{"total":20,"covered":15,"skipped":0,"pct":75}}
,"C:\\Users\\smore\\OneDrive\\Apps\\Dishorde-CDRZ\\Dishorde\\lib\\bloodmoon.js": {"lines":{"total":92,"covered":84,"skipped":0,"pct":91.3},"functions":{"total":16,"covered":13,"skipped":0,"pct":81.25},"statements":{"total":106,"covered":89,"skipped":0,"pct":83.96},"branches":{"total":104,"covered":68,"skipped":0,"pct":65.38}}
,"C:\\Users\\smore\\OneDrive\\Apps\\Dishorde-CDRZ\\Dishorde\\lib\\charts.js": {"lines":{"total":21,"covered":8,"skipped":0,"pct":38.09},"functions":{"total":4,"covered":2,"skipped":0,"pct":50},"statements":{"total":25,"covered":9,"skipped":0,"pct":36},"branches":{"total":6,"covered":1,"skipped":0,"pct":16.66}}
,"C:\\Users\\smore\\OneDrive\\Apps\\Dishorde-CDRZ\\Dishorde\\lib\\configSchema.js": {"lines":{"total":10,"covered":10,"skipped":0,"pct":100},"functions":{"total":2,"covered":2,"skipped":0,"pct":100},"statements":{"total":13,"covered":12,"skipped":0,"pct":92.3},"branches":{"total":8,"covered":5,"skipped":0,"pct":62.5}}
,"C:\\Users\\smore\\OneDrive\\Apps\\Dishorde-CDRZ\\Dishorde\\lib\\embeds.js": {"lines":{"total":9,"covered":5,"skipped":0,"pct":55.55},"functions":{"total":6,"covered":2,"skipped":0,"pct":33.33},"statements":{"total":10,"covered":5,"skipped":0,"pct":50},"branches":{"total":23,"covered":2,"skipped":0,"pct":8.69}}
,"C:\\Users\\smore\\OneDrive\\Apps\\Dishorde-CDRZ\\Dishorde\\lib\\enhancedAnalytics.js": {"lines":{"total":72,"covered":71,"skipped":0,"pct":98.61},"functions":{"total":18,"covered":18,"skipped":0,"pct":100},"statements":{"total":100,"covered":98,"skipped":0,"pct":98},"branches":{"total":63,"covered":48,"skipped":0,"pct":76.19}}
,"C:\\Users\\smore\\OneDrive\\Apps\\Dishorde-CDRZ\\Dishorde\\lib\\telemetry.js": {"lines":{"total":98,"covered":89,"skipped":0,"pct":90.81},"functions":{"total":23,"covered":17,"skipped":0,"pct":73.91},"statements":{"total":118,"covered":98,"skipped":0,"pct":83.05},"branches":{"total":124,"covered":93,"skipped":0,"pct":75}}
,"C:\\Users\\smore\\OneDrive\\Apps\\Dishorde-CDRZ\\Dishorde\\lib\\telnetQueue.js": {"lines":{"total":36,"covered":29,"skipped":0,"pct":80.55},"functions":{"total":7,"covered":7,"skipped":0,"pct":100},"statements":{"total":43,"covered":34,"skipped":0,"pct":79.06},"branches":{"total":24,"covered":15,"skipped":0,"pct":62.5}}
,"C:\\Users\\smore\\OneDrive\\Apps\\Dishorde-CDRZ\\Dishorde\\lib\\trendsHarness.js": {"lines":{"total":7,"covered":6,"skipped":0,"pct":85.71},"functions":{"total":1,"covered":1,"skipped":0,"pct":100},"statements":{"total":7,"covered":6,"skipped":0,"pct":85.71},"branches":{"total":2,"covered":1,"skipped":0,"pct":50}}
,"C:\\Users\\smore\\OneDrive\\Apps\\Dishorde-CDRZ\\Dishorde\\lib\\updates.js": {"lines":{"total":57,"covered":38,"skipped":0,"pct":66.66},"functions":{"total":16,"covered":11,"skipped":0,"pct":68.75},"statements":{"total":71,"covered":41,"skipped":0,"pct":57.74},"branches":{"total":54,"covered":22,"skipped":0,"pct":40.74}}
}
