TN:
SF:lib\analyticsUtils.js
FN:1,calculateActivityLevel
FN:3,(anonymous_1)
FN:4,(anonymous_2)
FN:9,calculateConsistency
FN:11,(anonymous_4)
FN:12,(anonymous_5)
FN:13,(anonymous_6)
FNF:7
FNH:7
FNDA:4,calculateActivityLevel
FNDA:63,(anonymous_1)
FNDA:63,(anonymous_2)
FNDA:4,calculateConsistency
FNDA:53,(anonymous_4)
FNDA:53,(anonymous_5)
FNDA:53,(anonymous_6)
DA:2,4
DA:3,63
DA:4,63
DA:5,4
DA:6,4
DA:10,4
DA:11,53
DA:12,53
DA:13,53
DA:14,4
DA:15,4
DA:16,4
DA:17,3
DA:18,1
DA:19,1
DA:22,3
LF:16
LH:16
BRDA:2,0,0,0
BRDA:2,0,1,4
BRDA:2,1,0,4
BRDA:2,1,1,4
BRDA:5,2,0,1
BRDA:5,2,1,3
BRDA:5,3,0,3
BRDA:5,3,1,0
BRDA:10,4,0,0
BRDA:10,4,1,4
BRDA:10,5,0,4
BRDA:10,5,1,4
BRDA:15,6,0,4
BRDA:15,6,1,0
BRDA:16,7,0,1
BRDA:16,7,1,3
BRDA:17,8,0,2
BRDA:17,8,1,1
BRDA:18,9,0,0
BRDA:18,9,1,1
BRF:20
BRH:15
end_of_record
TN:
SF:lib\bloodmoon.js
FN:4,parseTime
FN:12,getHordeState
FN:23,buildEmbed
FN:54,createBloodMoonMonitor
FN:65,sayInGame
FN:72,(anonymous_5)
FN:76,poll
FN:85,(anonymous_7)
FN:88,(anonymous_8)
FN:97,(anonymous_9)
FN:113,(anonymous_10)
FN:121,(anonymous_11)
FN:129,(anonymous_12)
FN:147,(anonymous_13)
FN:153,(anonymous_14)
FN:161,(anonymous_15)
FNF:16
FNH:13
FNDA:2,parseTime
FNDA:2,getHordeState
FNDA:3,buildEmbed
FNDA:2,createBloodMoonMonitor
FNDA:2,sayInGame
FNDA:2,(anonymous_5)
FNDA:2,poll
FNDA:2,(anonymous_7)
FNDA:2,(anonymous_8)
FNDA:2,(anonymous_9)
FNDA:0,(anonymous_10)
FNDA:0,(anonymous_11)
FNDA:0,(anonymous_12)
FNDA:1,(anonymous_13)
FNDA:1,(anonymous_14)
FNDA:1,(anonymous_15)
DA:6,2
DA:7,2
DA:8,2
DA:9,2
DA:13,2
DA:14,2
DA:15,2
DA:16,2
DA:17,2
DA:18,2
DA:19,1
DA:20,0
DA:24,3
DA:27,3
DA:28,1
DA:35,2
DA:36,1
DA:43,1
DA:44,1
DA:51,0
DA:54,1
DA:55,2
DA:56,2
DA:57,2
DA:58,2
DA:59,2
DA:60,2
DA:61,2
DA:62,2
DA:63,2
DA:66,2
DA:67,2
DA:69,2
DA:70,2
DA:71,2
DA:72,2
DA:77,2
DA:78,2
DA:79,2
DA:80,2
DA:81,2
DA:82,2
DA:84,2
DA:85,2
DA:86,2
DA:88,2
DA:89,2
DA:90,2
DA:92,2
DA:93,2
DA:96,2
DA:97,2
DA:98,2
DA:99,2
DA:100,0
DA:102,2
DA:104,1
DA:105,1
DA:106,1
DA:107,1
DA:111,2
DA:112,1
DA:113,1
DA:114,1
DA:115,1
DA:117,1
DA:119,2
DA:120,1
DA:121,1
DA:122,1
DA:123,1
DA:125,1
DA:127,2
DA:128,0
DA:129,0
DA:130,0
DA:131,0
DA:133,0
DA:136,2
DA:142,2
DA:146,2
DA:148,1
DA:149,1
DA:150,1
DA:151,1
DA:154,1
DA:155,1
DA:156,1
DA:157,1
DA:158,1
DA:159,1
DA:162,1
LF:92
LH:84
BRDA:6,0,0,0
BRDA:6,0,1,2
BRDA:6,1,0,2
BRDA:6,1,1,2
BRDA:8,2,0,0
BRDA:8,2,1,2
BRDA:13,3,0,0
BRDA:13,3,1,2
BRDA:15,4,0,2
BRDA:15,4,1,2
BRDA:16,5,0,2
BRDA:16,5,1,2
BRDA:16,5,2,1
BRDA:16,5,3,0
BRDA:17,6,0,2
BRDA:17,6,1,2
BRDA:18,7,0,1
BRDA:18,7,1,1
BRDA:19,8,0,1
BRDA:19,8,1,0
BRDA:19,9,0,1
BRDA:19,9,1,1
BRDA:27,10,0,1
BRDA:27,10,1,2
BRDA:31,11,0,1
BRDA:31,11,1,0
BRDA:35,12,0,1
BRDA:35,12,1,1
BRDA:39,13,0,1
BRDA:39,13,1,0
BRDA:43,14,0,1
BRDA:43,14,1,0
BRDA:47,15,0,1
BRDA:47,15,1,0
BRDA:57,16,0,2
BRDA:57,16,1,0
BRDA:67,17,0,0
BRDA:67,17,1,2
BRDA:69,18,0,2
BRDA:69,18,1,2
BRDA:69,18,2,2
BRDA:69,18,3,0
BRDA:69,18,4,0
BRDA:70,19,0,0
BRDA:70,19,1,2
BRDA:77,20,0,2
BRDA:77,20,1,0
BRDA:78,21,0,2
BRDA:78,21,1,0
BRDA:80,22,0,2
BRDA:80,22,1,0
BRDA:80,23,0,2
BRDA:80,23,1,2
BRDA:80,23,2,2
BRDA:82,24,0,0
BRDA:82,24,1,2
BRDA:86,25,0,0
BRDA:86,25,1,2
BRDA:86,26,0,2
BRDA:86,26,1,0
BRDA:86,26,2,2
BRDA:88,27,0,2
BRDA:88,27,1,0
BRDA:92,28,0,2
BRDA:92,28,1,2
BRDA:93,29,0,0
BRDA:93,29,1,2
BRDA:96,30,0,2
BRDA:96,30,1,0
BRDA:99,31,0,2
BRDA:99,31,1,0
BRDA:102,32,0,1
BRDA:102,32,1,1
BRDA:102,33,0,2
BRDA:102,33,1,1
BRDA:111,34,0,1
BRDA:111,34,1,1
BRDA:111,35,0,2
BRDA:111,35,1,1
BRDA:114,36,0,1
BRDA:114,36,1,0
BRDA:119,37,0,1
BRDA:119,37,1,1
BRDA:119,38,0,2
BRDA:119,38,1,1
BRDA:122,39,0,1
BRDA:122,39,1,0
BRDA:127,40,0,0
BRDA:127,40,1,2
BRDA:127,41,0,2
BRDA:127,41,1,0
BRDA:127,41,2,0
BRDA:130,42,0,0
BRDA:130,42,1,0
BRDA:148,43,0,0
BRDA:148,43,1,1
BRDA:149,44,0,1
BRDA:149,44,1,0
BRDA:150,45,0,1
BRDA:150,45,1,0
BRDA:154,46,0,1
BRDA:154,46,1,0
BRDA:162,47,0,1
BRDA:162,47,1,0
BRF:104
BRH:68
end_of_record
TN:
SF:lib\charts.js
FN:15,renderTrendPng
FN:19,(anonymous_1)
FN:20,(anonymous_2)
FN:38,isChartPngAvailable
FNF:4
FNH:2
FNDA:2,renderTrendPng
FNDA:0,(anonymous_1)
FNDA:0,(anonymous_2)
FNDA:3,isChartPngAvailable
DA:1,2
DA:2,2
DA:3,2
DA:4,2
DA:5,2
DA:6,0
DA:7,0
DA:9,0
DA:16,2
DA:17,0
DA:18,0
DA:19,0
DA:20,0
DA:21,0
DA:29,0
DA:30,0
DA:31,0
DA:33,0
DA:35,0
DA:39,3
DA:42,2
LF:21
LH:8
BRDA:7,0,0,0
BRDA:7,0,1,0
BRDA:7,1,0,0
BRDA:7,1,1,0
BRDA:16,2,0,2
BRDA:16,2,1,0
BRF:6
BRH:1
end_of_record
TN:
SF:lib\configSchema.js
FN:29,validateConfig
FN:33,(anonymous_1)
FNF:2
FNH:2
FNDA:3,validateConfig
FNDA:1,(anonymous_1)
DA:1,2
DA:2,2
DA:3,2
DA:8,2
DA:30,3
DA:31,3
DA:32,3
DA:33,1
DA:34,1
DA:37,2
LF:10
LH:10
BRDA:8,0,0,2
BRDA:8,0,1,0
BRDA:30,1,0,0
BRDA:30,1,1,3
BRDA:31,2,0,3
BRDA:31,2,1,0
BRDA:32,3,0,2
BRDA:32,3,1,1
BRF:8
BRH:5
end_of_record
TN:
SF:lib\embeds.js
FN:3,timestampFooter
FN:7,serverAnalyticsEmbed
FN:18,activityEmbed
FN:27,playersListEmbed
FN:36,timeEmbed
FN:45,playerDeepDiveEmbed
FNF:6
FNH:2
FNDA:1,timestampFooter
FNDA:1,serverAnalyticsEmbed
FNDA:0,activityEmbed
FNDA:0,playersListEmbed
FNDA:0,timeEmbed
FNDA:0,playerDeepDiveEmbed
DA:4,1
DA:8,1
DA:14,1
DA:15,1
DA:19,0
DA:28,0
DA:37,0
DA:46,0
DA:54,1
LF:9
LH:5
BRDA:7,0,0,0
BRDA:7,1,0,0
BRDA:11,2,0,1
BRDA:11,2,1,0
BRDA:14,3,0,0
BRDA:14,3,1,1
BRDA:18,4,0,0
BRDA:18,5,0,0
BRDA:22,6,0,0
BRDA:22,6,1,0
BRDA:27,7,0,0
BRDA:27,8,0,0
BRDA:31,9,0,0
BRDA:31,9,1,0
BRDA:36,10,0,0
BRDA:36,11,0,0
BRDA:40,12,0,0
BRDA:40,12,1,0
BRDA:45,13,0,0
BRDA:45,14,0,0
BRDA:45,15,0,0
BRDA:49,16,0,0
BRDA:49,16,1,0
BRF:23
BRH:2
end_of_record
TN:
SF:lib\enhancedAnalytics.js
FN:4,getActivityPattern
FN:7,(anonymous_1)
FN:8,(anonymous_2)
FN:9,(anonymous_3)
FN:10,(anonymous_4)
FN:17,analyzeActivityPatterns
FN:21,(anonymous_6)
FN:22,(anonymous_7)
FN:37,estimateSessionLength
FN:43,(anonymous_9)
FN:50,analyzePlayerSessions
FN:53,(anonymous_11)
FN:54,(anonymous_12)
FN:54,(anonymous_13)
FN:71,generateEnhancedAnalytics
FN:77,(anonymous_15)
FN:78,(anonymous_16)
FN:79,(anonymous_17)
FNF:18
FNH:18
FNDA:7,getActivityPattern
FNDA:36,(anonymous_1)
FNDA:23,(anonymous_2)
FNDA:22,(anonymous_3)
FNDA:32,(anonymous_4)
FNDA:3,analyzeActivityPatterns
FNDA:12,(anonymous_6)
FNDA:12,(anonymous_7)
FNDA:2,estimateSessionLength
FNDA:15,(anonymous_9)
FNDA:3,analyzePlayerSessions
FNDA:36,(anonymous_11)
FNDA:36,(anonymous_12)
FNDA:18,(anonymous_13)
FNDA:2,generateEnhancedAnalytics
FNDA:24,(anonymous_15)
FNDA:24,(anonymous_16)
FNDA:24,(anonymous_17)
DA:2,2
DA:5,7
DA:6,6
DA:7,36
DA:8,23
DA:9,22
DA:10,32
DA:11,6
DA:12,4
DA:13,3
DA:14,1
DA:18,3
DA:19,2
DA:20,2
DA:21,12
DA:22,12
DA:23,2
DA:24,2
DA:25,2
DA:26,2
DA:27,2
DA:28,2
DA:30,0
DA:32,2
DA:33,2
DA:34,2
DA:38,2
DA:39,2
DA:40,2
DA:41,14
DA:42,14
DA:43,15
DA:44,14
DA:46,2
DA:47,2
DA:51,3
DA:52,2
DA:53,36
DA:54,36
DA:55,2
DA:56,2
DA:57,2
DA:58,2
DA:59,2
DA:60,2
DA:62,2
DA:63,2
DA:64,2
DA:66,2
DA:67,2
DA:68,2
DA:72,2
DA:73,1
DA:74,1
DA:75,1
DA:76,1
DA:77,24
DA:78,24
DA:79,24
DA:80,1
DA:81,1
DA:82,1
DA:83,1
DA:84,1
DA:85,1
DA:86,1
DA:87,1
DA:88,1
DA:89,1
DA:90,1
DA:91,1
DA:94,2
LF:72
LH:71
BRDA:5,0,0,1
BRDA:5,0,1,6
BRDA:5,1,0,7
BRDA:5,1,1,7
BRDA:8,2,0,23
BRDA:8,2,1,17
BRDA:9,3,0,22
BRDA:9,3,1,16
BRDA:10,4,0,32
BRDA:10,4,1,26
BRDA:11,5,0,2
BRDA:11,5,1,4
BRDA:12,6,0,1
BRDA:12,6,1,3
BRDA:13,7,0,2
BRDA:13,7,1,1
BRDA:18,8,0,1
BRDA:18,8,1,2
BRDA:18,9,0,3
BRDA:18,9,1,3
BRDA:24,10,0,2
BRDA:24,10,1,0
BRDA:26,11,0,2
BRDA:26,11,1,0
BRDA:27,12,0,2
BRDA:27,12,1,0
BRDA:38,13,0,0
BRDA:38,13,1,2
BRDA:38,14,0,2
BRDA:38,14,1,2
BRDA:38,14,2,2
BRDA:42,15,0,14
BRDA:42,15,1,0
BRDA:44,16,0,12
BRDA:44,16,1,2
BRDA:47,17,0,2
BRDA:47,17,1,0
BRDA:51,18,0,1
BRDA:51,18,1,2
BRDA:51,19,0,3
BRDA:51,19,1,3
BRDA:54,20,0,36
BRDA:54,20,1,0
BRDA:56,21,0,2
BRDA:56,21,1,0
BRDA:58,22,0,2
BRDA:58,22,1,0
BRDA:62,23,0,2
BRDA:62,23,1,0
BRDA:64,24,0,2
BRDA:64,24,1,0
BRDA:67,25,0,2
BRDA:67,25,1,0
BRDA:68,26,0,2
BRDA:68,26,1,0
BRDA:72,27,0,1
BRDA:72,27,1,1
BRDA:72,28,0,2
BRDA:72,28,1,2
BRDA:89,29,0,1
BRDA:89,29,1,0
BRDA:90,30,0,1
BRDA:90,30,1,0
BRF:63
BRH:48
end_of_record
TN:
SF:lib\telemetry.js
FN:9,readInstanceId
FN:19,(anonymous_1)
FN:29,parseBoolEnv
FN:37,isEnabled
FN:47,buildBasePayload
FN:70,postJson
FN:71,(anonymous_6)
FN:87,(anonymous_7)
FN:89,(anonymous_8)
FN:90,(anonymous_9)
FN:92,(anonymous_10)
FN:93,(anonymous_11)
FN:103,(anonymous_12)
FN:120,(anonymous_13)
FN:127,(anonymous_14)
FN:127,(anonymous_15)
FN:137,(anonymous_16)
FN:161,(anonymous_17)
FN:165,(anonymous_18)
FN:185,(anonymous_19)
FN:194,(anonymous_20)
FN:199,initTelemetry
FN:204,(anonymous_22)
FNF:23
FNH:17
FNDA:3,readInstanceId
FNDA:31,(anonymous_1)
FNDA:6,parseBoolEnv
FNDA:3,isEnabled
FNDA:3,buildBasePayload
FNDA:5,postJson
FNDA:5,(anonymous_6)
FNDA:2,(anonymous_7)
FNDA:0,(anonymous_8)
FNDA:2,(anonymous_9)
FNDA:0,(anonymous_10)
FNDA:2,(anonymous_11)
FNDA:3,(anonymous_12)
FNDA:2,(anonymous_13)
FNDA:0,(anonymous_14)
FNDA:0,(anonymous_15)
FNDA:3,(anonymous_16)
FNDA:0,(anonymous_17)
FNDA:4,(anonymous_18)
FNDA:2,(anonymous_19)
FNDA:3,(anonymous_20)
FNDA:3,initTelemetry
FNDA:0,(anonymous_22)
DA:1,2
DA:2,2
DA:3,2
DA:4,2
DA:10,3
DA:11,3
DA:12,2
DA:13,2
DA:14,2
DA:19,1
DA:20,31
DA:21,31
DA:23,1
DA:24,1
DA:26,1
DA:30,6
DA:31,0
DA:32,0
DA:33,0
DA:34,0
DA:38,3
DA:39,3
DA:40,3
DA:41,3
DA:42,3
DA:44,0
DA:48,3
DA:71,5
DA:72,5
DA:73,5
DA:74,5
DA:75,5
DA:76,5
DA:77,5
DA:89,2
DA:90,2
DA:92,5
DA:93,5
DA:94,5
DA:95,5
DA:97,0
DA:104,3
DA:105,3
DA:106,3
DA:107,3
DA:108,3
DA:109,3
DA:110,3
DA:111,3
DA:112,3
DA:113,3
DA:114,3
DA:115,3
DA:117,3
DA:118,3
DA:119,1
DA:120,1
DA:121,2
DA:126,3
DA:127,3
DA:129,3
DA:131,3
DA:133,0
DA:138,3
DA:139,3
DA:145,3
DA:147,0
DA:150,3
DA:151,3
DA:152,2
DA:153,2
DA:154,2
DA:155,2
DA:159,3
DA:161,1
DA:166,4
DA:167,3
DA:168,3
DA:169,3
DA:171,3
DA:172,3
DA:173,3
DA:174,3
DA:175,5
DA:176,4
DA:179,2
DA:181,2
DA:182,2
DA:183,2
DA:184,2
DA:185,2
DA:189,2
DA:195,3
DA:200,3
DA:201,3
DA:202,3
DA:204,0
DA:208,2
LF:98
LH:89
BRDA:11,0,0,2
BRDA:11,0,1,1
BRDA:13,1,0,2
BRDA:13,1,1,0
BRDA:13,2,0,2
BRDA:13,2,1,2
BRDA:13,2,2,2
BRDA:20,3,0,30
BRDA:20,3,1,1
BRDA:30,4,0,6
BRDA:30,4,1,0
BRDA:32,5,0,0
BRDA:32,5,1,0
BRDA:33,6,0,0
BRDA:33,6,1,0
BRDA:39,7,0,0
BRDA:39,7,1,3
BRDA:40,8,0,0
BRDA:40,8,1,3
BRDA:41,9,0,3
BRDA:41,9,1,0
BRDA:41,10,0,3
BRDA:41,10,1,3
BRDA:41,10,2,3
BRDA:52,11,0,3
BRDA:52,11,1,3
BRDA:52,11,2,0
BRDA:55,12,0,3
BRDA:55,12,1,3
BRDA:60,13,0,3
BRDA:60,13,1,3
BRDA:61,14,0,3
BRDA:61,14,1,3
BRDA:61,14,2,0
BRDA:62,15,0,3
BRDA:62,15,1,3
BRDA:62,15,2,0
BRDA:64,16,0,3
BRDA:64,16,1,3
BRDA:64,17,0,3
BRDA:64,17,1,3
BRDA:70,18,0,5
BRDA:70,19,0,5
BRDA:76,20,0,0
BRDA:76,20,1,5
BRDA:79,21,0,5
BRDA:79,21,1,0
BRDA:79,22,0,0
BRDA:79,22,1,0
BRDA:80,23,0,5
BRDA:80,23,1,5
BRDA:90,24,0,2
BRDA:90,24,1,2
BRDA:105,25,0,3
BRDA:105,25,1,3
BRDA:105,25,2,3
BRDA:105,25,3,0
BRDA:105,25,4,0
BRDA:106,26,0,3
BRDA:106,26,1,3
BRDA:106,26,2,3
BRDA:106,26,3,2
BRDA:107,27,0,3
BRDA:107,27,1,3
BRDA:107,27,2,3
BRDA:107,27,3,0
BRDA:108,28,0,3
BRDA:108,28,1,3
BRDA:108,28,2,3
BRDA:108,28,3,0
BRDA:108,28,4,0
BRDA:109,29,0,3
BRDA:109,29,1,3
BRDA:109,29,2,3
BRDA:109,29,3,1
BRDA:109,29,4,1
BRDA:110,30,0,1
BRDA:110,30,1,2
BRDA:110,31,0,3
BRDA:110,31,1,3
BRDA:110,31,2,3
BRDA:113,32,0,3
BRDA:113,32,1,3
BRDA:113,33,0,3
BRDA:113,33,1,3
BRDA:118,34,0,1
BRDA:118,34,1,2
BRDA:126,35,0,3
BRDA:126,35,1,0
BRDA:129,36,0,3
BRDA:129,36,1,0
BRDA:129,37,0,3
BRDA:129,37,1,3
BRDA:131,38,0,0
BRDA:131,38,1,3
BRDA:137,39,0,0
BRDA:138,40,0,0
BRDA:138,40,1,3
BRDA:145,41,0,0
BRDA:145,41,1,3
BRDA:151,42,0,2
BRDA:151,42,1,1
BRDA:154,43,0,0
BRDA:154,43,1,2
BRDA:159,44,0,1
BRDA:159,44,1,2
BRDA:159,45,0,3
BRDA:159,45,1,3
BRDA:166,46,0,1
BRDA:166,46,1,3
BRDA:166,47,0,4
BRDA:166,47,1,4
BRDA:167,48,0,0
BRDA:167,48,1,3
BRDA:176,49,0,2
BRDA:176,49,1,2
BRDA:176,50,0,4
BRDA:176,50,1,4
BRDA:181,51,0,2
BRDA:181,51,1,0
BRDA:184,52,0,0
BRDA:184,52,1,2
BRDA:185,53,0,1
BRDA:185,53,1,1
BRF:124
BRH:93
end_of_record
TN:
SF:lib\telnetQueue.js
FN:6,(anonymous_0)
FN:18,(anonymous_1)
FN:19,(anonymous_2)
FN:25,(anonymous_3)
FN:31,(anonymous_4)
FN:37,(anonymous_5)
FN:58,friendlyError
FNF:7
FNH:7
FNDA:1,(anonymous_0)
FNDA:2,(anonymous_1)
FNDA:2,(anonymous_2)
FNDA:2,(anonymous_3)
FNDA:1,(anonymous_4)
FNDA:2,(anonymous_5)
FNDA:4,friendlyError
DA:7,1
DA:8,1
DA:9,1
DA:10,1
DA:11,1
DA:12,1
DA:19,2
DA:20,2
DA:21,2
DA:26,2
DA:27,2
DA:28,2
DA:29,2
DA:30,2
DA:31,2
DA:33,2
DA:34,2
DA:35,2
DA:36,2
DA:37,2
DA:38,2
DA:40,0
DA:41,0
DA:42,0
DA:43,0
DA:45,0
DA:48,0
DA:51,0
DA:54,2
DA:59,4
DA:60,4
DA:61,4
DA:62,3
DA:63,2
DA:64,1
DA:67,1
LF:36
LH:29
BRDA:6,0,0,0
BRDA:10,1,0,1
BRDA:10,1,1,0
BRDA:11,2,0,1
BRDA:11,2,1,0
BRDA:18,3,0,2
BRDA:26,4,0,0
BRDA:26,4,1,2
BRDA:31,5,0,1
BRDA:31,5,1,1
BRDA:36,6,0,2
BRDA:36,6,1,0
BRDA:40,7,0,0
BRDA:40,7,1,0
BRDA:59,8,0,0
BRDA:59,8,1,4
BRDA:60,9,0,4
BRDA:60,9,1,0
BRDA:61,10,0,1
BRDA:61,10,1,3
BRDA:62,11,0,1
BRDA:62,11,1,2
BRDA:63,12,0,1
BRDA:63,12,1,1
BRF:24
BRH:15
end_of_record
TN:
SF:lib\trendsHarness.js
FN:6,buildTrendsPayload
FNF:1
FNH:1
FNDA:1,buildTrendsPayload
DA:1,1
DA:2,1
DA:7,1
DA:8,1
DA:9,0
DA:14,1
DA:20,1
LF:7
LH:6
BRDA:8,0,0,0
BRDA:8,0,1,1
BRF:2
BRH:1
end_of_record
TN:
SF:lib\updates.js
FN:7,httpGetJson
FN:8,(anonymous_1)
FN:9,(anonymous_2)
FN:11,(anonymous_3)
FN:12,(anonymous_4)
FN:22,(anonymous_5)
FN:31,(anonymous_6)
FN:40,(anonymous_7)
FN:44,(anonymous_8)
FN:58,(anonymous_9)
FN:62,(anonymous_10)
FN:74,(anonymous_11)
FN:80,(anonymous_12)
FN:82,(anonymous_13)
FN:102,(anonymous_14)
FN:104,(anonymous_15)
FNF:16
FNH:11
FNDA:1,httpGetJson
FNDA:1,(anonymous_1)
FNDA:1,(anonymous_2)
FNDA:1,(anonymous_3)
FNDA:1,(anonymous_4)
FNDA:2,(anonymous_5)
FNDA:2,(anonymous_6)
FNDA:0,(anonymous_7)
FNDA:1,(anonymous_8)
FNDA:0,(anonymous_9)
FNDA:1,(anonymous_10)
FNDA:1,(anonymous_11)
FNDA:0,(anonymous_12)
FNDA:0,(anonymous_13)
FNDA:0,(anonymous_14)
FNDA:2,(anonymous_15)
DA:1,1
DA:2,1
DA:3,1
DA:5,1
DA:8,1
DA:9,1
DA:10,1
DA:11,1
DA:12,1
DA:13,1
DA:16,1
DA:17,1
DA:23,2
DA:24,2
DA:25,2
DA:26,2
DA:27,2
DA:28,2
DA:32,2
DA:33,2
DA:34,1
DA:37,1
DA:41,0
DA:45,1
DA:50,1
DA:51,1
DA:52,1
DA:53,1
DA:56,0
DA:57,0
DA:58,0
DA:59,0
DA:63,1
DA:64,1
DA:65,1
DA:75,1
DA:76,1
DA:77,1
DA:81,0
DA:82,0
DA:83,0
DA:84,0
DA:85,0
DA:86,0
DA:87,0
DA:88,0
DA:89,0
DA:90,0
DA:93,0
DA:96,0
DA:99,0
DA:102,0
DA:106,2
DA:107,2
DA:108,1
DA:117,1
DA:127,1
LF:57
LH:38
BRDA:13,0,0,1
BRDA:13,0,1,0
BRDA:22,1,0,1
BRDA:33,2,0,1
BRDA:33,2,1,1
BRDA:34,3,0,1
BRDA:34,3,1,0
BRDA:44,4,0,1
BRDA:44,5,0,1
BRDA:50,6,0,1
BRDA:50,6,1,0
BRDA:58,7,0,0
BRDA:58,7,1,0
BRDA:58,8,0,0
BRDA:58,8,1,0
BRDA:59,9,0,0
BRDA:59,9,1,0
BRDA:63,10,0,0
BRDA:63,10,1,1
BRDA:63,11,0,1
BRDA:63,11,1,1
BRDA:68,12,0,1
BRDA:68,12,1,0
BRDA:69,13,0,1
BRDA:69,13,1,0
BRDA:70,14,0,1
BRDA:70,14,1,0
BRDA:75,15,0,0
BRDA:75,15,1,1
BRDA:76,16,0,0
BRDA:76,16,1,1
BRDA:80,17,0,0
BRDA:80,18,0,0
BRDA:80,19,0,0
BRDA:86,20,0,0
BRDA:86,20,1,0
BRDA:86,21,0,0
BRDA:86,21,1,0
BRDA:87,22,0,0
BRDA:87,22,1,0
BRDA:90,23,0,0
BRDA:90,23,1,0
BRDA:99,24,0,0
BRDA:99,24,1,0
BRDA:102,25,0,0
BRDA:102,25,1,0
BRDA:104,26,0,0
BRDA:104,27,0,2
BRDA:106,28,0,2
BRDA:106,28,1,2
BRDA:106,29,0,2
BRDA:106,29,1,0
BRDA:107,30,0,1
BRDA:107,30,1,1
BRF:54
BRH:22
end_of_record
